Start testing: Apr 24 00:47 EDT
----------------------------------------------------------
1/8 Testing: Smoke.Builds
1/8 Test: Smoke.Builds
Command: "/Users/tylerarciniaga/Documents/dev/Raft_Consensus/build/raft_tests" "--gtest_filter=Smoke.Builds" "--gtest_also_run_disabled_tests"
Directory: /Users/tylerarciniaga/Documents/dev/Raft_Consensus/build
"Smoke.Builds" start time: Apr 24 00:47 EDT
Output:
----------------------------------------------------------
Running main() from /Users/tylerarciniaga/Documents/dev/Raft_Consensus/build/_deps/googletest-src/googletest/src/gtest_main.cc
Note: Google Test filter = Smoke.Builds
[==========] Running 1 test from 1 test suite.
[----------] Global test environment set-up.
[----------] 1 test from Smoke
[ RUN      ] Smoke.Builds
[       OK ] Smoke.Builds (0 ms)
[----------] 1 test from Smoke (0 ms total)

[----------] Global test environment tear-down
[==========] 1 test from 1 test suite ran. (0 ms total)
[  PASSED  ] 1 test.
<end of output>
Test time =   0.15 sec
----------------------------------------------------------
Test Passed.
"Smoke.Builds" end time: Apr 24 00:47 EDT
"Smoke.Builds" time elapsed: 00:00:00
----------------------------------------------------------

2/8 Testing: ElectionTest.ElectsExactlyOneLeader
2/8 Test: ElectionTest.ElectsExactlyOneLeader
Command: "/Users/tylerarciniaga/Documents/dev/Raft_Consensus/build/raft_tests" "--gtest_filter=ElectionTest.ElectsExactlyOneLeader" "--gtest_also_run_disabled_tests"
Directory: /Users/tylerarciniaga/Documents/dev/Raft_Consensus/build
"ElectionTest.ElectsExactlyOneLeader" start time: Apr 24 00:47 EDT
Output:
----------------------------------------------------------
Running main() from /Users/tylerarciniaga/Documents/dev/Raft_Consensus/build/_deps/googletest-src/googletest/src/gtest_main.cc
Note: Google Test filter = ElectionTest.ElectsExactlyOneLeader
[==========] Running 1 test from 1 test suite.
[----------] Global test environment set-up.
[----------] 1 test from ElectionTest
[ RUN      ] ElectionTest.ElectsExactlyOneLeader
[2836131317] --> Switching node 2 from Follower to Candidate
[2836131317] --> node 2 starting an election (term = 1)...
[2836131317] (VOTE) node 0 sends yes vote to node 2
[2836131317] (VOTE) node 2 received yes vote from node 0
[2836131317] (VOTE) node 1 sends yes vote to node 2
[2836131317] (VOTE) node 2 received yes vote from node 1
[2836131318] (VOTE) node 3 sends yes vote to node 2
[2836131318] (VOTE) node 2 received yes vote from node 3
[2836131318] (VOTE) node 4 sends yes vote to node 2
[2836131318] (VOTE) node 2 received yes vote from node 4
[2836131318] --> Switching node 2 from Candidate to Leader
[2836131318] (HEARTBEAT) node 2 sending heartbeat to node 0
[2836131318] (HEARTBEAT) node 0 receives heartbeat from node 2
[2836131318] (HEARTBEAT) node 2 sending heartbeat to node 1
[2836131318] (HEARTBEAT) node 1 receives heartbeat from node 2
[2836131318] (HEARTBEAT) node 2 sending heartbeat to node 3
[2836131318] (HEARTBEAT) node 3 receives heartbeat from node 2
[2836131318] (HEARTBEAT) node 2 sending heartbeat to node 4
[2836131318] (HEARTBEAT) node 4 receives heartbeat from node 2
[2836131366] (SHUTDOWN) shutting down node 0...
[2836131366] (SHUTDOWN) shutting down node 1...
[2836131367] (SHUTDOWN) shutting down node 3...
[2836131367] (SHUTDOWN) shutting down node 4...
[2836131423] (SHUTDOWN) shutting down node 2...
[       OK ] ElectionTest.ElectsExactlyOneLeader (434 ms)
[----------] 1 test from ElectionTest (434 ms total)

[----------] Global test environment tear-down
[==========] 1 test from 1 test suite ran. (434 ms total)
[  PASSED  ] 1 test.
<end of output>
Test time =   0.61 sec
----------------------------------------------------------
Test Passed.
"ElectionTest.ElectsExactlyOneLeader" end time: Apr 24 00:47 EDT
"ElectionTest.ElectsExactlyOneLeader" time elapsed: 00:00:00
----------------------------------------------------------

3/8 Testing: ElectionTest.HandlesSingleLeaderLoss
3/8 Test: ElectionTest.HandlesSingleLeaderLoss
Command: "/Users/tylerarciniaga/Documents/dev/Raft_Consensus/build/raft_tests" "--gtest_filter=ElectionTest.HandlesSingleLeaderLoss" "--gtest_also_run_disabled_tests"
Directory: /Users/tylerarciniaga/Documents/dev/Raft_Consensus/build
"ElectionTest.HandlesSingleLeaderLoss" start time: Apr 24 00:47 EDT
Output:
----------------------------------------------------------
Running main() from /Users/tylerarciniaga/Documents/dev/Raft_Consensus/build/_deps/googletest-src/googletest/src/gtest_main.cc
Note: Google Test filter = ElectionTest.HandlesSingleLeaderLoss
[==========] Running 1 test from 1 test suite.
[----------] Global test environment set-up.
[----------] 1 test from ElectionTest
[ RUN      ] ElectionTest.HandlesSingleLeaderLoss
[2836131909] --> Switching node 0 from Follower to Candidate
[2836131909] --> node 0 starting an election (term = 1)...
[2836131909] (VOTE) node 1 sends yes vote to node 0
[2836131910] (VOTE) node 0 received yes vote from node 1
[2836131910] (VOTE) node 2 sends yes vote to node 0
[2836131910] (VOTE) node 0 received yes vote from node 2
[2836131910] (VOTE) node 3 sends yes vote to node 0
[2836131910] (VOTE) node 0 received yes vote from node 3
[2836131910] (VOTE) node 4 sends yes vote to node 0
[2836131910] (VOTE) node 0 received yes vote from node 4
[2836131910] --> Switching node 0 from Candidate to Leader
[2836131910] (HEARTBEAT) node 0 sending heartbeat to node 1
[2836131910] (HEARTBEAT) node 1 receives heartbeat from node 0
[2836131910] (HEARTBEAT) node 0 sending heartbeat to node 2
[2836131910] (HEARTBEAT) node 2 receives heartbeat from node 0
[2836131911] (HEARTBEAT) node 0 sending heartbeat to node 3
[2836131911] (HEARTBEAT) node 3 receives heartbeat from node 0
[2836131911] (HEARTBEAT) node 0 sending heartbeat to node 4
[2836131911] (HEARTBEAT) node 4 receives heartbeat from node 0
[2836131929] (SHUTDOWN) shutting down node 2...
[2836131929] (SHUTDOWN) shutting down node 1...
[2836131929] (SHUTDOWN) shutting down node 3...
[2836131929] (SHUTDOWN) shutting down node 4...
[2836132015] (SHUTDOWN) shutting down node 0...
[       OK ] ElectionTest.HandlesSingleLeaderLoss (413 ms)
[----------] 1 test from ElectionTest (413 ms total)

[----------] Global test environment tear-down
[==========] 1 test from 1 test suite ran. (413 ms total)
[  PASSED  ] 1 test.
<end of output>
Test time =   0.62 sec
----------------------------------------------------------
Test Passed.
"ElectionTest.HandlesSingleLeaderLoss" end time: Apr 24 00:47 EDT
"ElectionTest.HandlesSingleLeaderLoss" time elapsed: 00:00:00
----------------------------------------------------------

4/8 Testing: ElectionTest.HandlesFalseCandidateDemotion
4/8 Test: ElectionTest.HandlesFalseCandidateDemotion
Command: "/Users/tylerarciniaga/Documents/dev/Raft_Consensus/build/raft_tests" "--gtest_filter=ElectionTest.HandlesFalseCandidateDemotion" "--gtest_also_run_disabled_tests"
Directory: /Users/tylerarciniaga/Documents/dev/Raft_Consensus/build
"ElectionTest.HandlesFalseCandidateDemotion" start time: Apr 24 00:47 EDT
Output:
----------------------------------------------------------
Running main() from /Users/tylerarciniaga/Documents/dev/Raft_Consensus/build/_deps/googletest-src/googletest/src/gtest_main.cc
Note: Google Test filter = ElectionTest.HandlesFalseCandidateDemotion
[==========] Running 1 test from 1 test suite.
[----------] Global test environment set-up.
[----------] 1 test from ElectionTest
[ RUN      ] ElectionTest.HandlesFalseCandidateDemotion
[2836132587] --> Switching node 0 from Follower to Candidate
[2836132587] --> node 0 starting an election (term = 1)...
[2836132588] (VOTE) node 1 sends yes vote to node 0
[2836132588] (VOTE) node 0 received yes vote from node 1
[2836132588] (VOTE) node 2 sends yes vote to node 0
[2836132588] (VOTE) node 0 received yes vote from node 2
[2836132588] (VOTE) node 3 sends yes vote to node 0
[2836132588] (VOTE) node 0 received yes vote from node 3
[2836132588] (VOTE) node 4 sends yes vote to node 0
[2836132588] (VOTE) node 0 received yes vote from node 4
[2836132589] --> Switching node 0 from Candidate to Leader
[2836132589] (HEARTBEAT) node 0 sending heartbeat to node 1
[2836132589] (HEARTBEAT) node 1 receives heartbeat from node 0
[2836132589] (HEARTBEAT) node 0 sending heartbeat to node 2
[2836132589] (HEARTBEAT) node 2 receives heartbeat from node 0
[2836132589] (HEARTBEAT) node 0 sending heartbeat to node 3
[2836132590] (HEARTBEAT) node 3 receives heartbeat from node 0
[2836132590] (HEARTBEAT) node 0 sending heartbeat to node 4
[2836132590] (HEARTBEAT) node 4 receives heartbeat from node 0
[2836132604] --> Switching node 1 from Follower to Candidate
[2836132605] (SHUTDOWN) shutting down node 1...
[2836132605] (SHUTDOWN) shutting down node 3...
[2836132605] (SHUTDOWN) shutting down node 4...
[2836132605] (SHUTDOWN) shutting down node 2...
[2836132694] (SHUTDOWN) shutting down node 0...
[       OK ] ElectionTest.HandlesFalseCandidateDemotion (471 ms)
[----------] 1 test from ElectionTest (471 ms total)

[----------] Global test environment tear-down
[==========] 1 test from 1 test suite ran. (471 ms total)
[  PASSED  ] 1 test.
<end of output>
Test time =   0.63 sec
----------------------------------------------------------
Test Passed.
"ElectionTest.HandlesFalseCandidateDemotion" end time: Apr 24 00:47 EDT
"ElectionTest.HandlesFalseCandidateDemotion" time elapsed: 00:00:00
----------------------------------------------------------

5/8 Testing: ElectionTest.HandlesMultiFalseCandidates
5/8 Test: ElectionTest.HandlesMultiFalseCandidates
Command: "/Users/tylerarciniaga/Documents/dev/Raft_Consensus/build/raft_tests" "--gtest_filter=ElectionTest.HandlesMultiFalseCandidates" "--gtest_also_run_disabled_tests"
Directory: /Users/tylerarciniaga/Documents/dev/Raft_Consensus/build
"ElectionTest.HandlesMultiFalseCandidates" start time: Apr 24 00:47 EDT
Output:
----------------------------------------------------------
Running main() from /Users/tylerarciniaga/Documents/dev/Raft_Consensus/build/_deps/googletest-src/googletest/src/gtest_main.cc
Note: Google Test filter = ElectionTest.HandlesMultiFalseCandidates
[==========] Running 1 test from 1 test suite.
[----------] Global test environment set-up.
[----------] 1 test from ElectionTest
[ RUN      ] ElectionTest.HandlesMultiFalseCandidates
[2836133174] --> Switching node 2 from Follower to Candidate
[2836133174] --> node 2 starting an election (term = 1)...
[2836133174] (VOTE) node 0 sends yes vote to node 2
[2836133174] (VOTE) node 2 received yes vote from node 0
[2836133174] (VOTE) node 1 sends yes vote to node 2
[2836133174] (VOTE) node 2 received yes vote from node 1
[2836133175] (VOTE) node 3 sends yes vote to node 2
[2836133175] (VOTE) node 2 received yes vote from node 3
[2836133175] (VOTE) node 4 sends yes vote to node 2
[2836133175] (VOTE) node 2 received yes vote from node 4
[2836133175] --> Switching node 2 from Candidate to Leader
[2836133175] (HEARTBEAT) node 2 sending heartbeat to node 0
[2836133175] (HEARTBEAT) node 0 receives heartbeat from node 2
[2836133175] (HEARTBEAT) node 2 sending heartbeat to node 1
[2836133175] (HEARTBEAT) node 1 receives heartbeat from node 2
[2836133175] (HEARTBEAT) node 2 sending heartbeat to node 3
[2836133175] (HEARTBEAT) node 3 receives heartbeat from node 2
[2836133175] (HEARTBEAT) node 2 sending heartbeat to node 4
[2836133175] (HEARTBEAT) node 4 receives heartbeat from node 2
[2836133180] --> Switching node 0 from Follower to Candidate
[2836133181] --> Switching node 1 from Follower to Candidate
[2836133181] --> Switching node 3 from Follower to Candidate
[2836133181] --> Switching node 4 from Follower to Candidate
[2836133280] (HEARTBEAT) node 2 sending heartbeat to node 4
[2836133280] (HEARTBEAT) node 2 sending heartbeat to node 0
[2836133280] (HEARTBEAT) node 2 sending heartbeat to node 1
[2836133280] --> Switching node 4 from Candidate to Follower
[2836133280] (HEARTBEAT) node 4 receives heartbeat from node 2
[2836133280] (HEARTBEAT) node 2 sending heartbeat to node 3
[2836133280] --> Switching node 1 from Candidate to Follower
[2836133280] --> Switching node 0 from Candidate to Follower
[2836133280] --> Switching node 3 from Candidate to Follower
[2836133280] (HEARTBEAT) node 0 receives heartbeat from node 2
[2836133280] (HEARTBEAT) node 1 receives heartbeat from node 2
[2836133280] (HEARTBEAT) node 3 receives heartbeat from node 2
[2836133385] (HEARTBEAT) node 2 sending heartbeat to node 3
[2836133385] (HEARTBEAT) node 2 sending heartbeat to node 4
[2836133385] (HEARTBEAT) node 2 sending heartbeat to node 0
[2836133385] (HEARTBEAT) node 3 receives heartbeat from node 2
[2836133385] (HEARTBEAT) node 4 receives heartbeat from node 2
[2836133385] (HEARTBEAT) node 2 sending heartbeat to node 1
[2836133385] (HEARTBEAT) node 0 receives heartbeat from node 2
[2836133385] (HEARTBEAT) node 1 receives heartbeat from node 2
[2836133486] (HEARTBEAT) node 2 sending heartbeat to node 1
[2836133486] (HEARTBEAT) node 1 receives heartbeat from node 2
[2836133488] (HEARTBEAT) node 2 sending heartbeat to node 3
[2836133488] (HEARTBEAT) node 3 receives heartbeat from node 2
[2836133490] (HEARTBEAT) node 2 sending heartbeat to node 4
[2836133490] (HEARTBEAT) node 2 sending heartbeat to node 0
[2836133491] (HEARTBEAT) node 4 receives heartbeat from node 2
[2836133491] (HEARTBEAT) node 0 receives heartbeat from node 2
[2836133592] (HEARTBEAT) node 2 sending heartbeat to node 1
[2836133592] (HEARTBEAT) node 1 receives heartbeat from node 2
[2836133593] (HEARTBEAT) node 2 sending heartbeat to node 0
[2836133593] (HEARTBEAT) node 0 receives heartbeat from node 2
[2836133593] (HEARTBEAT) node 2 sending heartbeat to node 3
[2836133593] (HEARTBEAT) node 3 receives heartbeat from node 2
[2836133596] (HEARTBEAT) node 2 sending heartbeat to node 4
[2836133596] (HEARTBEAT) node 4 receives heartbeat from node 2
[2836133686] (SHUTDOWN) shutting down node 0...
[2836133686] (SHUTDOWN) shutting down node 1...
[2836133686] (SHUTDOWN) shutting down node 3...
[2836133686] (SHUTDOWN) shutting down node 4...
[2836133701] (SHUTDOWN) shutting down node 2...
[       OK ] ElectionTest.HandlesMultiFalseCandidates (839 ms)
[----------] 1 test from ElectionTest (839 ms total)

[----------] Global test environment tear-down
[==========] 1 test from 1 test suite ran. (839 ms total)
[  PASSED  ] 1 test.
<end of output>
Test time =   1.01 sec
----------------------------------------------------------
Test Passed.
"ElectionTest.HandlesMultiFalseCandidates" end time: Apr 24 00:47 EDT
"ElectionTest.HandlesMultiFalseCandidates" time elapsed: 00:00:01
----------------------------------------------------------

6/8 Testing: ElectionTest.HandlesMultiCandidateElection
6/8 Test: ElectionTest.HandlesMultiCandidateElection
Command: "/Users/tylerarciniaga/Documents/dev/Raft_Consensus/build/raft_tests" "--gtest_filter=ElectionTest.HandlesMultiCandidateElection" "--gtest_also_run_disabled_tests"
Directory: /Users/tylerarciniaga/Documents/dev/Raft_Consensus/build
"ElectionTest.HandlesMultiCandidateElection" start time: Apr 24 00:47 EDT
Output:
----------------------------------------------------------
Running main() from /Users/tylerarciniaga/Documents/dev/Raft_Consensus/build/_deps/googletest-src/googletest/src/gtest_main.cc
Note: Google Test filter = ElectionTest.HandlesMultiCandidateElection
[==========] Running 1 test from 1 test suite.
[----------] Global test environment set-up.
[----------] 1 test from ElectionTest
[ RUN      ] ElectionTest.HandlesMultiCandidateElection
[2836133870] --> Switching node 0 from Follower to Candidate
[2836133870] --> Switching node 1 from Follower to Candidate
[2836133870] --> Switching node 2 from Follower to Candidate
[2836133870] --> Switching node 3 from Follower to Candidate
[2836133870] --> Switching node 4 from Follower to Candidate
[2836134187] --> Switching node 1 from Candidate to Candidate
[2836134187] --> node 1 starting an election (term = 1)...
[2836134188] --> Switching node 0 from Candidate to Follower
[2836134188] --> Switching node 2 from Candidate to Follower
[2836134188] (VOTE) node 2 sends yes vote to node 1
[2836134188] (VOTE) node 0 sends yes vote to node 1
[2836134188] (VOTE) node 1 received yes vote from node 2
[2836134188] (VOTE) node 1 received yes vote from node 0
[2836134188] --> Switching node 3 from Candidate to Follower
[2836134188] (VOTE) node 3 sends yes vote to node 1
[2836134188] (VOTE) node 1 received yes vote from node 3
[2836134188] --> Switching node 4 from Candidate to Follower
[2836134188] (VOTE) node 4 sends yes vote to node 1
[2836134188] (VOTE) node 1 received yes vote from node 4
[2836134189] --> Switching node 1 from Candidate to Leader
[2836134189] (HEARTBEAT) node 1 sending heartbeat to node 0
[2836134189] (HEARTBEAT) node 0 receives heartbeat from node 1
[2836134189] (HEARTBEAT) node 1 sending heartbeat to node 2
[2836134189] (HEARTBEAT) node 2 receives heartbeat from node 1
[2836134189] (HEARTBEAT) node 1 sending heartbeat to node 3
[2836134189] (HEARTBEAT) node 3 receives heartbeat from node 1
[2836134189] (HEARTBEAT) node 1 sending heartbeat to node 4
[2836134189] (HEARTBEAT) node 4 receives heartbeat from node 1
[2836134199] (SHUTDOWN) shutting down node 0...
[2836134199] (SHUTDOWN) shutting down node 3...
[2836134199] (SHUTDOWN) shutting down node 2...
[2836134199] (SHUTDOWN) shutting down node 4...
[2836134294] (SHUTDOWN) shutting down node 1...
[       OK ] ElectionTest.HandlesMultiCandidateElection (424 ms)
[----------] 1 test from ElectionTest (424 ms total)

[----------] Global test environment tear-down
[==========] 1 test from 1 test suite ran. (424 ms total)
[  PASSED  ] 1 test.
<end of output>
Test time =   0.59 sec
----------------------------------------------------------
Test Passed.
"ElectionTest.HandlesMultiCandidateElection" end time: Apr 24 00:47 EDT
"ElectionTest.HandlesMultiCandidateElection" time elapsed: 00:00:00
----------------------------------------------------------

7/8 Testing: ElectionTest.NodesResolveToSameTerm
7/8 Test: ElectionTest.NodesResolveToSameTerm
Command: "/Users/tylerarciniaga/Documents/dev/Raft_Consensus/build/raft_tests" "--gtest_filter=ElectionTest.NodesResolveToSameTerm" "--gtest_also_run_disabled_tests"
Directory: /Users/tylerarciniaga/Documents/dev/Raft_Consensus/build
"ElectionTest.NodesResolveToSameTerm" start time: Apr 24 00:47 EDT
Output:
----------------------------------------------------------
Running main() from /Users/tylerarciniaga/Documents/dev/Raft_Consensus/build/_deps/googletest-src/googletest/src/gtest_main.cc
Note: Google Test filter = ElectionTest.NodesResolveToSameTerm
[==========] Running 1 test from 1 test suite.
[----------] Global test environment set-up.
[----------] 1 test from ElectionTest
[ RUN      ] ElectionTest.NodesResolveToSameTerm
[2836134786] --> Switching node 1 from Follower to Candidate
[2836134786] --> node 1 starting an election (term = 1)...
[2836134786] (VOTE) node 0 sends yes vote to node 1
[2836134786] (VOTE) node 1 received yes vote from node 0
[2836134787] (VOTE) node 2 sends yes vote to node 1
[2836134787] (VOTE) node 1 received yes vote from node 2
[2836134787] (VOTE) node 3 sends yes vote to node 1
[2836134787] (VOTE) node 1 received yes vote from node 3
[2836134787] (VOTE) node 4 sends yes vote to node 1
[2836134787] (VOTE) node 1 received yes vote from node 4
[2836134787] --> Switching node 1 from Candidate to Leader
[2836134787] (HEARTBEAT) node 1 sending heartbeat to node 0
[2836134787] (HEARTBEAT) node 0 receives heartbeat from node 1
[2836134787] (HEARTBEAT) node 1 sending heartbeat to node 2
[2836134787] (HEARTBEAT) node 2 receives heartbeat from node 1
[2836134788] (HEARTBEAT) node 1 sending heartbeat to node 3
[2836134788] (HEARTBEAT) node 3 receives heartbeat from node 1
[2836134788] (HEARTBEAT) node 1 sending heartbeat to node 4
[2836134788] (HEARTBEAT) node 4 receives heartbeat from node 1
[2836134795] (SHUTDOWN) shutting down node 0...
[2836134795] (SHUTDOWN) shutting down node 2...
[2836134795] (SHUTDOWN) shutting down node 3...
[2836134795] (SHUTDOWN) shutting down node 4...
[2836134893] (SHUTDOWN) shutting down node 1...
[       OK ] ElectionTest.NodesResolveToSameTerm (428 ms)
[----------] 1 test from ElectionTest (428 ms total)

[----------] Global test environment tear-down
[==========] 1 test from 1 test suite ran. (428 ms total)
[  PASSED  ] 1 test.
<end of output>
Test time =   0.60 sec
----------------------------------------------------------
Test Passed.
"ElectionTest.NodesResolveToSameTerm" end time: Apr 24 00:47 EDT
"ElectionTest.NodesResolveToSameTerm" time elapsed: 00:00:00
----------------------------------------------------------

8/8 Testing: LogReplicationTest.ReplicatesSingleRequest
8/8 Test: LogReplicationTest.ReplicatesSingleRequest
Command: "/Users/tylerarciniaga/Documents/dev/Raft_Consensus/build/raft_tests" "--gtest_filter=LogReplicationTest.ReplicatesSingleRequest" "--gtest_also_run_disabled_tests"
Directory: /Users/tylerarciniaga/Documents/dev/Raft_Consensus/build
"LogReplicationTest.ReplicatesSingleRequest" start time: Apr 24 00:47 EDT
Output:
----------------------------------------------------------
Running main() from /Users/tylerarciniaga/Documents/dev/Raft_Consensus/build/_deps/googletest-src/googletest/src/gtest_main.cc
Note: Google Test filter = LogReplicationTest.ReplicatesSingleRequest
[==========] Running 1 test from 1 test suite.
[----------] Global test environment set-up.
[----------] 1 test from LogReplicationTest
[ RUN      ] LogReplicationTest.ReplicatesSingleRequest
[2836135445] --> Switching node 1 from Follower to Candidate
[2836135445] --> node 1 starting an election (term = 1)...
[2836135445] (VOTE) node 0 sends yes vote to node 1
[2836135445] (VOTE) node 1 received yes vote from node 0
[2836135445] (VOTE) node 2 sends yes vote to node 1
[2836135445] (VOTE) node 1 received yes vote from node 2
[2836135445] --> Switching node 0 from Follower to Candidate
[2836135446] --> node 0 starting an election (term = 2)...
[2836135446] (VOTE) node 3 sends yes vote to node 1
[2836135446] (VOTE) node 1 received yes vote from node 3
[2836135446] --> Switching node 1 from Candidate to Follower
[2836135446] (VOTE) node 1 sends yes vote to node 0
[2836135446] (VOTE) node 0 received yes vote from node 1
[2836135446] (VOTE) node 4 sends yes vote to node 1
[2836135446] (VOTE) node 1 received yes vote from node 4
[2836135446] (VOTE) node 2 sends yes vote to node 0
[2836135446] (VOTE) node 0 received yes vote from node 2
[2836135446] (VOTE) node 3 sends yes vote to node 0
[2836135446] (VOTE) node 0 received yes vote from node 3
[2836135447] --> Switching node 0 from Candidate to Leader
[2836135447] (HEARTBEAT) node 0 sending heartbeat to node 1
[2836135447] (HEARTBEAT) node 1 receives heartbeat from node 0
[2836135447] (HEARTBEAT) node 0 sending heartbeat to node 2
[2836135447] (HEARTBEAT) node 2 receives heartbeat from node 0
[2836135447] (HEARTBEAT) node 0 sending heartbeat to node 3
[2836135447] (HEARTBEAT) node 3 receives heartbeat from node 0
[2836135447] (HEARTBEAT) node 0 sending heartbeat to node 4
[2836135447] (HEARTBEAT) node 4 receives heartbeat from node 0
[2836135453] (LOG) node 0 sending AppendEntriesRPC to node 1
[2836135453] (LOG) node 1 receives AppendEntriesRPC from node 0
[2836135453] (LOG) node 0 sending AppendEntriesRPC to node 2
[2836135453] (LOG) node 2 receives AppendEntriesRPC from node 0
[2836135453] (LOG) node 0 sending AppendEntriesRPC to node 3
[2836135453] (LOG) node 3 receives AppendEntriesRPC from node 0
[2836135453] (LOG) node 0 sending AppendEntriesRPC to node 4
[2836135453] (LOG) node 4 receives AppendEntriesRPC from node 0
[2836135454] (SHUTDOWN) shutting down node 1...
[2836135454] (SHUTDOWN) shutting down node 2...
[2836135454] (SHUTDOWN) shutting down node 3...
[2836135454] (SHUTDOWN) shutting down node 4...
[2836135552] (SHUTDOWN) shutting down node 0...
[       OK ] LogReplicationTest.ReplicatesSingleRequest (485 ms)
[----------] 1 test from LogReplicationTest (485 ms total)

[----------] Global test environment tear-down
[==========] 1 test from 1 test suite ran. (486 ms total)
[  PASSED  ] 1 test.
<end of output>
Test time =   0.66 sec
----------------------------------------------------------
Test Passed.
"LogReplicationTest.ReplicatesSingleRequest" end time: Apr 24 00:47 EDT
"LogReplicationTest.ReplicatesSingleRequest" time elapsed: 00:00:00
----------------------------------------------------------

End testing: Apr 24 00:47 EDT
