Start testing: May 24 01:12 EDT
----------------------------------------------------------
1/14 Testing: ElectionTest.ElectsExactlyOneLeader
1/14 Test: ElectionTest.ElectsExactlyOneLeader
Command: "/Users/tylerarciniaga/Documents/dev/Raft_Consensus/build/raft_tests" "--gtest_filter=ElectionTest.ElectsExactlyOneLeader" "--gtest_also_run_disabled_tests"
Directory: /Users/tylerarciniaga/Documents/dev/Raft_Consensus/build
"ElectionTest.ElectsExactlyOneLeader" start time: May 24 01:12 EDT
Output:
----------------------------------------------------------
Running main() from /Users/tylerarciniaga/Documents/dev/Raft_Consensus/build/_deps/googletest-src/googletest/src/gtest_main.cc
Note: Google Test filter = ElectionTest.ElectsExactlyOneLeader
[==========] Running 1 test from 1 test suite.
[----------] Global test environment set-up.
[----------] 1 test from ElectionTest
[ RUN      ] ElectionTest.ElectsExactlyOneLeader
[892090060] --> Switching node 2 from Follower to Candidate
[892090060] (SHUTDOWN) HandleFollowerState exiting for node 2
[892090060] --> node 2 starting an election (term = 1)...
[892090061] (VOTE) node 1 sends yes vote to node 2
[892090061] (VOTE) node 2 received yes vote from node 1
[892090061] (VOTE) node 3 sends yes vote to node 2
[892090061] (VOTE) node 0 sends yes vote to node 2
[892090061] (VOTE) node 2 received yes vote from node 3
[892090061] (VOTE) node 2 received yes vote from node 0
[892090061] --> Switching node 2 from Candidate to Leader
[892090062] (HEARTBEAT) node 2 sending heartbeat to node 0
[892090062] (HEARTBEAT) node 0 receives heartbeat from node 2
[892090062] (HEARTBEAT) node 2 sending heartbeat to node 1
[892090062] (HEARTBEAT) node 1 receives heartbeat from node 2
[892090062] (HEARTBEAT) node 2 sending heartbeat to node 3
[892090062] (HEARTBEAT) node 3 receives heartbeat from node 2
[892090062] (HEARTBEAT) node 2 sending heartbeat to node 4
[892090062] (HEARTBEAT) node 4 receives heartbeat from node 2
[892090089] (SHUTDOWN) shutting down node 0...
[892090089] (SHUTDOWN) shutting down node 1...
[892090089] (SHUTDOWN) HandleFollowerState exiting for node 0
[892090089] (SHUTDOWN) shutting down node 2...
[892090089] (SHUTDOWN) CleanUpReplicationThreads exiting for node 1
[892090089] (SHUTDOWN) shutting down node 3...
[892090089] (SHUTDOWN) shutting down node 4...
[892090089] (SHUTDOWN) HandleFollowerState exiting for node 1
[892090089] (SHUTDOWN) ApplyToStateMachine exiting for node 1
[892090090] (SHUTDOWN) CleanUpReplicationThreads exiting for node 0
[892090090] (SHUTDOWN) HandleFollowerState exiting for node 3
[892090090] (SHUTDOWN) ApplyToStateMachine exiting for node 0
[892090090] (SHUTDOWN) CleanUpReplicationThreads exiting for node 3
[892090090] (SHUTDOWN) HandleFollowerState exiting for node 4
[892090090] (SHUTDOWN) CleanUpReplicationThreads exiting for node 4
[892090090] (SHUTDOWN) StartNode shutting down for node 1
[892090090] (SHUTDOWN) ApplyToStateMachine exiting for node 2
[892090090] (SHUTDOWN) CleanUpReplicationThreads exiting for node 2
[892090090] (SHUTDOWN) HandleLeaderState exiting for node 2
[892090090] (SHUTDOWN) ApplyToStateMachine exiting for node 3
[892090090] (SHUTDOWN) StartNode shutting down for node 0
[892090090] (SHUTDOWN) ApplyToStateMachine exiting for node 4
[892090090] (SHUTDOWN) StartNode shutting down for node 2
[892090090] (SHUTDOWN) StartNode shutting down for node 3
[892090090] (SHUTDOWN) StartNode shutting down for node 4
[       OK ] ElectionTest.ElectsExactlyOneLeader (382 ms)
[----------] 1 test from ElectionTest (382 ms total)

[----------] Global test environment tear-down
[==========] 1 test from 1 test suite ran. (382 ms total)
[  PASSED  ] 1 test.
<end of output>
Test time =   0.60 sec
----------------------------------------------------------
Test Passed.
"ElectionTest.ElectsExactlyOneLeader" end time: May 24 01:12 EDT
"ElectionTest.ElectsExactlyOneLeader" time elapsed: 00:00:00
----------------------------------------------------------

2/14 Testing: ElectionTest.HandlesSingleLeaderLoss
2/14 Test: ElectionTest.HandlesSingleLeaderLoss
Command: "/Users/tylerarciniaga/Documents/dev/Raft_Consensus/build/raft_tests" "--gtest_filter=ElectionTest.HandlesSingleLeaderLoss" "--gtest_also_run_disabled_tests"
Directory: /Users/tylerarciniaga/Documents/dev/Raft_Consensus/build
"ElectionTest.HandlesSingleLeaderLoss" start time: May 24 01:12 EDT
Output:
----------------------------------------------------------
Running main() from /Users/tylerarciniaga/Documents/dev/Raft_Consensus/build/_deps/googletest-src/googletest/src/gtest_main.cc
Note: Google Test filter = ElectionTest.HandlesSingleLeaderLoss
[==========] Running 1 test from 1 test suite.
[----------] Global test environment set-up.
[----------] 1 test from ElectionTest
[ RUN      ] ElectionTest.HandlesSingleLeaderLoss
[892090636] --> Switching node 4 from Follower to Candidate
[892090636] (SHUTDOWN) HandleFollowerState exiting for node 4
[892090636] --> node 4 starting an election (term = 1)...
[892090637] (VOTE) node 0 sends yes vote to node 4
[892090637] (VOTE) node 4 received yes vote from node 0
[892090637] (VOTE) node 1 sends yes vote to node 4
[892090637] (VOTE) node 4 received yes vote from node 1
[892090638] (VOTE) node 2 sends yes vote to node 4
[892090638] (VOTE) node 4 received yes vote from node 2
[892090638] (VOTE) node 3 sends yes vote to node 4
[892090638] (VOTE) node 4 received yes vote from node 3
[892090638] --> Switching node 4 from Candidate to Leader
[892090638] (HEARTBEAT) node 4 sending heartbeat to node 0
[892090638] (HEARTBEAT) node 0 receives heartbeat from node 4
[892090638] (HEARTBEAT) node 4 sending heartbeat to node 1
[892090638] (HEARTBEAT) node 1 receives heartbeat from node 4
[892090639] (HEARTBEAT) node 4 sending heartbeat to node 2
[892090639] (HEARTBEAT) node 2 receives heartbeat from node 4
[892090639] (HEARTBEAT) node 4 sending heartbeat to node 3
[892090639] (HEARTBEAT) node 3 receives heartbeat from node 4
[892090661] (SHUTDOWN) shutting down node 4...
[892090661] (SHUTDOWN) shutting down node 0...
[892090661] (SHUTDOWN) shutting down node 1...
[892090661] (SHUTDOWN) shutting down node 2...
[892090661] (SHUTDOWN) ApplyToStateMachine exiting for node 4
[892090661] (SHUTDOWN) CleanUpReplicationThreads exiting for node 4
[892090661] (SHUTDOWN) HandleFollowerState exiting for node 0
[892090662] (SHUTDOWN) ApplyToStateMachine exiting for node 0
[892090662] (SHUTDOWN) HandleFollowerState exiting for node 1
[892090662] (SHUTDOWN) ApplyToStateMachine exiting for node 1
[892090662] (SHUTDOWN) HandleFollowerState exiting for node 2
[892090662] (SHUTDOWN) CleanUpReplicationThreads exiting for node 2
[892090662] (SHUTDOWN) shutting down node 3...
[892090662] (SHUTDOWN) CleanUpReplicationThreads exiting for node 0
[892090662] (SHUTDOWN) ApplyToStateMachine exiting for node 2
[892090662] (SHUTDOWN) HandleFollowerState exiting for node 3
[892090662] (SHUTDOWN) ApplyToStateMachine exiting for node 3
[892090662] (SHUTDOWN) HandleLeaderState exiting for node 4
[892090662] (SHUTDOWN) CleanUpReplicationThreads exiting for node 1
[892090662] (SHUTDOWN) StartNode shutting down for node 4
[892090662] (SHUTDOWN) StartNode shutting down for node 0
[892090662] (SHUTDOWN) StartNode shutting down for node 2
[892090662] (SHUTDOWN) CleanUpReplicationThreads exiting for node 3
[892090662] (SHUTDOWN) shutting down node 4...
[892090662] (SHUTDOWN) StartNode shutting down for node 1
[892090662] (SHUTDOWN) StartNode shutting down for node 3
[       OK ] ElectionTest.HandlesSingleLeaderLoss (386 ms)
[----------] 1 test from ElectionTest (386 ms total)

[----------] Global test environment tear-down
[==========] 1 test from 1 test suite ran. (387 ms total)
[  PASSED  ] 1 test.
<end of output>
Test time =   0.56 sec
----------------------------------------------------------
Test Passed.
"ElectionTest.HandlesSingleLeaderLoss" end time: May 24 01:12 EDT
"ElectionTest.HandlesSingleLeaderLoss" time elapsed: 00:00:00
----------------------------------------------------------

3/14 Testing: ElectionTest.HandlesFalseCandidateDemotion
3/14 Test: ElectionTest.HandlesFalseCandidateDemotion
Command: "/Users/tylerarciniaga/Documents/dev/Raft_Consensus/build/raft_tests" "--gtest_filter=ElectionTest.HandlesFalseCandidateDemotion" "--gtest_also_run_disabled_tests"
Directory: /Users/tylerarciniaga/Documents/dev/Raft_Consensus/build
"ElectionTest.HandlesFalseCandidateDemotion" start time: May 24 01:12 EDT
Output:
----------------------------------------------------------
Running main() from /Users/tylerarciniaga/Documents/dev/Raft_Consensus/build/_deps/googletest-src/googletest/src/gtest_main.cc
Note: Google Test filter = ElectionTest.HandlesFalseCandidateDemotion
[==========] Running 1 test from 1 test suite.
[----------] Global test environment set-up.
[----------] 1 test from ElectionTest
[ RUN      ] ElectionTest.HandlesFalseCandidateDemotion
[892091179] --> Switching node 4 from Follower to Candidate
[892091179] (SHUTDOWN) HandleFollowerState exiting for node 4
[892091179] --> node 4 starting an election (term = 1)...
[892091179] (VOTE) node 0 sends yes vote to node 4
[892091179] (VOTE) node 4 received yes vote from node 0
[892091179] (VOTE) node 1 sends yes vote to node 4
[892091179] (VOTE) node 4 received yes vote from node 1
[892091180] (VOTE) node 2 sends yes vote to node 4
[892091180] (VOTE) node 4 received yes vote from node 2
[892091180] (VOTE) node 3 sends yes vote to node 4
[892091180] (VOTE) node 4 received yes vote from node 3
[892091180] --> Switching node 4 from Candidate to Leader
[892091180] (HEARTBEAT) node 4 sending heartbeat to node 0
[892091180] (HEARTBEAT) node 0 receives heartbeat from node 4
[892091180] (HEARTBEAT) node 4 sending heartbeat to node 1
[892091180] (HEARTBEAT) node 1 receives heartbeat from node 4
[892091180] (HEARTBEAT) node 4 sending heartbeat to node 2
[892091180] (HEARTBEAT) node 2 receives heartbeat from node 4
[892091180] (HEARTBEAT) node 4 sending heartbeat to node 3
[892091180] (HEARTBEAT) node 3 receives heartbeat from node 4
[892091217] --> Switching node 0 from Follower to Candidate
[892091217] (SHUTDOWN) shutting down node 0...
[892091217] (SHUTDOWN) shutting down node 1...
[892091217] (SHUTDOWN) HandleFollowerState exiting for node 0
[892091217] (SHUTDOWN) shutting down node 2...
[892091217] (SHUTDOWN) ApplyToStateMachine exiting for node 0
[892091217] (SHUTDOWN) shutting down node 3...
[892091217] (SHUTDOWN) HandleFollowerState exiting for node 1
[892091217] (SHUTDOWN) HandleFollowerState exiting for node 2
[892091217] (SHUTDOWN) CleanUpReplicationThreads exiting for node 0
[892091217] (SHUTDOWN) CleanUpReplicationThreads exiting for node 3
[892091218] (SHUTDOWN) ApplyToStateMachine exiting for node 1
[892091218] (SHUTDOWN) ApplyToStateMachine exiting for node 2
[892091218] (SHUTDOWN) StartNode shutting down for node 0
[892091218] (SHUTDOWN) CleanUpReplicationThreads exiting for node 2
[892091218] (SHUTDOWN) HandleFollowerState exiting for node 3
[892091218] (SHUTDOWN) CleanUpReplicationThreads exiting for node 1
[892091218] (SHUTDOWN) StartNode shutting down for node 2
[892091218] (SHUTDOWN) ApplyToStateMachine exiting for node 3
[892091218] (SHUTDOWN) shutting down node 4...
[892091218] (SHUTDOWN) StartNode shutting down for node 1
[892091218] (SHUTDOWN) ApplyToStateMachine exiting for node 4
[892091218] (SHUTDOWN) CleanUpReplicationThreads exiting for node 4
[892091218] (SHUTDOWN) StartNode shutting down for node 3
[892091218] (SHUTDOWN) HandleLeaderState exiting for node 4
[892091218] (SHUTDOWN) StartNode shutting down for node 4
[       OK ] ElectionTest.HandlesFalseCandidateDemotion (378 ms)
[----------] 1 test from ElectionTest (378 ms total)

[----------] Global test environment tear-down
[==========] 1 test from 1 test suite ran. (378 ms total)
[  PASSED  ] 1 test.
<end of output>
Test time =   0.58 sec
----------------------------------------------------------
Test Passed.
"ElectionTest.HandlesFalseCandidateDemotion" end time: May 24 01:12 EDT
"ElectionTest.HandlesFalseCandidateDemotion" time elapsed: 00:00:00
----------------------------------------------------------

4/14 Testing: ElectionTest.HandlesMultiFalseCandidates
4/14 Test: ElectionTest.HandlesMultiFalseCandidates
Command: "/Users/tylerarciniaga/Documents/dev/Raft_Consensus/build/raft_tests" "--gtest_filter=ElectionTest.HandlesMultiFalseCandidates" "--gtest_also_run_disabled_tests"
Directory: /Users/tylerarciniaga/Documents/dev/Raft_Consensus/build
"ElectionTest.HandlesMultiFalseCandidates" start time: May 24 01:12 EDT
Output:
----------------------------------------------------------
Running main() from /Users/tylerarciniaga/Documents/dev/Raft_Consensus/build/_deps/googletest-src/googletest/src/gtest_main.cc
Note: Google Test filter = ElectionTest.HandlesMultiFalseCandidates
[==========] Running 1 test from 1 test suite.
[----------] Global test environment set-up.
[----------] 1 test from ElectionTest
[ RUN      ] ElectionTest.HandlesMultiFalseCandidates
[892091771] --> Switching node 1 from Follower to Candidate
[892091771] (SHUTDOWN) HandleFollowerState exiting for node 1
[892091771] --> node 1 starting an election (term = 1)...
[892091771] (VOTE) node 0 sends yes vote to node 1
[892091771] (VOTE) node 1 received yes vote from node 0
[892091771] (VOTE) node 2 sends yes vote to node 1
[892091771] (VOTE) node 1 received yes vote from node 2
[892091772] (VOTE) node 3 sends yes vote to node 1
[892091772] (VOTE) node 1 received yes vote from node 3
[892091772] (VOTE) node 4 sends yes vote to node 1
[892091772] (VOTE) node 1 received yes vote from node 4
[892091772] --> Switching node 1 from Candidate to Leader
[892091772] (HEARTBEAT) node 1 sending heartbeat to node 0
[892091772] (HEARTBEAT) node 0 receives heartbeat from node 1
[892091772] (HEARTBEAT) node 1 sending heartbeat to node 2
[892091772] (HEARTBEAT) node 2 receives heartbeat from node 1
[892091772] (HEARTBEAT) node 1 sending heartbeat to node 3
[892091772] (HEARTBEAT) node 3 receives heartbeat from node 1
[892091773] (HEARTBEAT) node 1 sending heartbeat to node 4
[892091773] (HEARTBEAT) node 4 receives heartbeat from node 1
[892091810] --> Switching node 0 from Follower to Candidate
[892091810] --> Switching node 2 from Follower to Candidate
[892091810] --> Switching node 3 from Follower to Candidate
[892091810] --> Switching node 4 from Follower to Candidate
[892091877] (HEARTBEAT) node 1 sending heartbeat to node 0
[892091878] (HEARTBEAT) node 1 sending heartbeat to node 2
[892091878] (HEARTBEAT) node 1 sending heartbeat to node 3
[892091878] (HEARTBEAT) node 1 sending heartbeat to node 4
[892091878] --> Switching node 0 from Candidate to Follower
[892091878] --> Switching node 2 from Candidate to Follower
[892091878] --> Switching node 3 from Candidate to Follower
[892091878] (HEARTBEAT) node 0 receives heartbeat from node 1
[892091878] (HEARTBEAT) node 2 receives heartbeat from node 1
[892091878] --> Switching node 4 from Candidate to Follower
[892091878] (HEARTBEAT) node 3 receives heartbeat from node 1
[892091878] (HEARTBEAT) node 4 receives heartbeat from node 1
[892091979] (HEARTBEAT) node 1 sending heartbeat to node 0
[892091979] (HEARTBEAT) node 1 sending heartbeat to node 4
[892091979] (HEARTBEAT) node 0 receives heartbeat from node 1
[892091979] (HEARTBEAT) node 4 receives heartbeat from node 1
[892091980] (HEARTBEAT) node 1 sending heartbeat to node 2
[892091980] (HEARTBEAT) node 1 sending heartbeat to node 3
[892091980] (HEARTBEAT) node 2 receives heartbeat from node 1
[892091980] (HEARTBEAT) node 3 receives heartbeat from node 1
[892092081] (HEARTBEAT) node 1 sending heartbeat to node 3
[892092081] (HEARTBEAT) node 3 receives heartbeat from node 1
[892092084] (HEARTBEAT) node 1 sending heartbeat to node 0
[892092084] (HEARTBEAT) node 1 sending heartbeat to node 4
[892092084] (HEARTBEAT) node 1 sending heartbeat to node 2
[892092084] (HEARTBEAT) node 0 receives heartbeat from node 1
[892092084] (HEARTBEAT) node 2 receives heartbeat from node 1
[892092084] (HEARTBEAT) node 4 receives heartbeat from node 1
[892092186] (HEARTBEAT) node 1 sending heartbeat to node 3
[892092186] (HEARTBEAT) node 3 receives heartbeat from node 1
[892092187] (HEARTBEAT) node 1 sending heartbeat to node 4
[892092187] (HEARTBEAT) node 4 receives heartbeat from node 1
[892092187] (HEARTBEAT) node 1 sending heartbeat to node 2
[892092187] (HEARTBEAT) node 2 receives heartbeat from node 1
[892092189] (HEARTBEAT) node 1 sending heartbeat to node 0
[892092189] (HEARTBEAT) node 0 receives heartbeat from node 1
[892092290] (HEARTBEAT) node 1 sending heartbeat to node 3
[892092290] (HEARTBEAT) node 3 receives heartbeat from node 1
[892092291] (HEARTBEAT) node 1 sending heartbeat to node 2
[892092291] (HEARTBEAT) node 2 receives heartbeat from node 1
[892092292] (HEARTBEAT) node 1 sending heartbeat to node 4
[892092292] (HEARTBEAT) node 4 receives heartbeat from node 1
[892092292] (HEARTBEAT) node 1 sending heartbeat to node 0
[892092292] (HEARTBEAT) node 0 receives heartbeat from node 1
[892092315] (SHUTDOWN) shutting down node 0...
[892092315] (SHUTDOWN) shutting down node 1...
[892092315] (SHUTDOWN) HandleFollowerState exiting for node 0
[892092315] (SHUTDOWN) ApplyToStateMachine exiting for node 0
[892092316] (SHUTDOWN) ApplyToStateMachine exiting for node 1
[892092316] (SHUTDOWN) CleanUpReplicationThreads exiting for node 0
[892092316] (SHUTDOWN) shutting down node 2...
[892092316] (SHUTDOWN) shutting down node 3...
[892092316] (SHUTDOWN) CleanUpReplicationThreads exiting for node 2
[892092316] (SHUTDOWN) HandleFollowerState exiting for node 2
[892092316] (SHUTDOWN) HandleLeaderState exiting for node 1
[892092316] (SHUTDOWN) ApplyToStateMachine exiting for node 2
[892092316] (SHUTDOWN) CleanUpReplicationThreads exiting for node 1
[892092316] (SHUTDOWN) StartNode shutting down for node 0
[892092316] (SHUTDOWN) HandleFollowerState exiting for node 3
[892092316] (SHUTDOWN) CleanUpReplicationThreads exiting for node 3
[892092316] (SHUTDOWN) shutting down node 4...
[892092316] (SHUTDOWN) ApplyToStateMachine exiting for node 3
[892092316] (SHUTDOWN) StartNode shutting down for node 1
[892092316] (SHUTDOWN) StartNode shutting down for node 2
[892092316] (SHUTDOWN) HandleFollowerState exiting for node 4
[892092316] (SHUTDOWN) StartNode shutting down for node 3
[892092316] (SHUTDOWN) ApplyToStateMachine exiting for node 4
[892092316] (SHUTDOWN) CleanUpReplicationThreads exiting for node 4
[892092317] (SHUTDOWN) StartNode shutting down for node 4
[       OK ] ElectionTest.HandlesMultiFalseCandidates (892 ms)
[----------] 1 test from ElectionTest (892 ms total)

[----------] Global test environment tear-down
[==========] 1 test from 1 test suite ran. (892 ms total)
[  PASSED  ] 1 test.
<end of output>
Test time =   1.08 sec
----------------------------------------------------------
Test Passed.
"ElectionTest.HandlesMultiFalseCandidates" end time: May 24 01:12 EDT
"ElectionTest.HandlesMultiFalseCandidates" time elapsed: 00:00:01
----------------------------------------------------------

5/14 Testing: ElectionTest.HandlesMultiCandidateElection
5/14 Test: ElectionTest.HandlesMultiCandidateElection
Command: "/Users/tylerarciniaga/Documents/dev/Raft_Consensus/build/raft_tests" "--gtest_filter=ElectionTest.HandlesMultiCandidateElection" "--gtest_also_run_disabled_tests"
Directory: /Users/tylerarciniaga/Documents/dev/Raft_Consensus/build
"ElectionTest.HandlesMultiCandidateElection" start time: May 24 01:12 EDT
Output:
----------------------------------------------------------
Running main() from /Users/tylerarciniaga/Documents/dev/Raft_Consensus/build/_deps/googletest-src/googletest/src/gtest_main.cc
Note: Google Test filter = ElectionTest.HandlesMultiCandidateElection
[==========] Running 1 test from 1 test suite.
[----------] Global test environment set-up.
[----------] 1 test from ElectionTest
[ RUN      ] ElectionTest.HandlesMultiCandidateElection
[892092506] --> Switching node 0 from Follower to Candidate
[892092506] --> Switching node 1 from Follower to Candidate
[892092506] --> Switching node 2 from Follower to Candidate
[892092506] --> Switching node 3 from Follower to Candidate
[892092506] --> Switching node 4 from Follower to Candidate
[892092856] (SHUTDOWN) HandleFollowerState exiting for node 2
[892092856] --> node 2 starting an election (term = 1)...
[892092857] --> Switching node 0 from Candidate to Follower
[892092857] --> Switching node 1 from Candidate to Follower
[892092857] (VOTE) node 0 sends yes vote to node 2
[892092857] (VOTE) node 1 sends yes vote to node 2
[892092857] (VOTE) node 2 received yes vote from node 0
[892092857] (VOTE) node 2 received yes vote from node 1
[892092857] --> Switching node 3 from Candidate to Follower
[892092857] (VOTE) node 3 sends yes vote to node 2
[892092857] --> Switching node 4 from Candidate to Follower
[892092857] (VOTE) node 2 received yes vote from node 3
[892092857] (VOTE) node 4 sends yes vote to node 2
[892092857] (VOTE) node 2 received yes vote from node 4
[892092858] --> Switching node 2 from Candidate to Leader
[892092858] (HEARTBEAT) node 2 sending heartbeat to node 0
[892092858] (HEARTBEAT) node 0 receives heartbeat from node 2
[892092858] (HEARTBEAT) node 2 sending heartbeat to node 1
[892092858] (HEARTBEAT) node 1 receives heartbeat from node 2
[892092858] (HEARTBEAT) node 2 sending heartbeat to node 3
[892092858] (HEARTBEAT) node 3 receives heartbeat from node 2
[892092858] (HEARTBEAT) node 2 sending heartbeat to node 4
[892092858] (HEARTBEAT) node 4 receives heartbeat from node 2
[892092884] (SHUTDOWN) shutting down node 0...
[892092884] (SHUTDOWN) shutting down node 1...
[892092884] (SHUTDOWN) HandleFollowerState exiting for node 0
[892092884] (SHUTDOWN) shutting down node 2...
[892092884] (SHUTDOWN) shutting down node 3...
[892092884] (SHUTDOWN) shutting down node 4...
[892092884] (SHUTDOWN) CleanUpReplicationThreads exiting for node 0
[892092885] (SHUTDOWN) ApplyToStateMachine exiting for node 2
[892092885] (SHUTDOWN) HandleFollowerState exiting for node 4
[892092885] (SHUTDOWN) CleanUpReplicationThreads exiting for node 1
[892092885] (SHUTDOWN) ApplyToStateMachine exiting for node 0
[892092885] (SHUTDOWN) HandleFollowerState exiting for node 3
[892092885] (SHUTDOWN) CleanUpReplicationThreads exiting for node 3
[892092885] (SHUTDOWN) HandleFollowerState exiting for node 1
[892092885] (SHUTDOWN) CleanUpReplicationThreads exiting for node 2
[892092885] (SHUTDOWN) ApplyToStateMachine exiting for node 3
[892092885] (SHUTDOWN) CleanUpReplicationThreads exiting for node 4
[892092885] (SHUTDOWN) ApplyToStateMachine exiting for node 4
[892092885] (SHUTDOWN) HandleLeaderState exiting for node 2
[892092885] (SHUTDOWN) StartNode shutting down for node 2
[892092885] (SHUTDOWN) ApplyToStateMachine exiting for node 1
[892092885] (SHUTDOWN) StartNode shutting down for node 0
[892092885] (SHUTDOWN) StartNode shutting down for node 3
[892092885] (SHUTDOWN) StartNode shutting down for node 4
[892092885] (SHUTDOWN) StartNode shutting down for node 1
[       OK ] ElectionTest.HandlesMultiCandidateElection (379 ms)
[----------] 1 test from ElectionTest (379 ms total)

[----------] Global test environment tear-down
[==========] 1 test from 1 test suite ran. (380 ms total)
[  PASSED  ] 1 test.
<end of output>
Test time =   0.55 sec
----------------------------------------------------------
Test Passed.
"ElectionTest.HandlesMultiCandidateElection" end time: May 24 01:12 EDT
"ElectionTest.HandlesMultiCandidateElection" time elapsed: 00:00:00
----------------------------------------------------------

6/14 Testing: ElectionTest.NodesResolveToSameTerm
6/14 Test: ElectionTest.NodesResolveToSameTerm
Command: "/Users/tylerarciniaga/Documents/dev/Raft_Consensus/build/raft_tests" "--gtest_filter=ElectionTest.NodesResolveToSameTerm" "--gtest_also_run_disabled_tests"
Directory: /Users/tylerarciniaga/Documents/dev/Raft_Consensus/build
"ElectionTest.NodesResolveToSameTerm" start time: May 24 01:12 EDT
Output:
----------------------------------------------------------
Running main() from /Users/tylerarciniaga/Documents/dev/Raft_Consensus/build/_deps/googletest-src/googletest/src/gtest_main.cc
Note: Google Test filter = ElectionTest.NodesResolveToSameTerm
[==========] Running 1 test from 1 test suite.
[----------] Global test environment set-up.
[----------] 1 test from ElectionTest
[ RUN      ] ElectionTest.NodesResolveToSameTerm
[892093371] --> Switching node 3 from Follower to Candidate
[892093371] (SHUTDOWN) HandleFollowerState exiting for node 3
[892093371] --> node 3 starting an election (term = 1)...
[892093372] (VOTE) node 0 sends yes vote to node 3
[892093372] (VOTE) node 3 received yes vote from node 0
[892093372] (VOTE) node 1 sends yes vote to node 3
[892093372] (VOTE) node 3 received yes vote from node 1
[892093372] (VOTE) node 2 sends yes vote to node 3
[892093372] (VOTE) node 3 received yes vote from node 2
[892093372] (VOTE) node 4 sends yes vote to node 3
[892093372] (VOTE) node 3 received yes vote from node 4
[892093372] --> Switching node 3 from Candidate to Leader
[892093373] (HEARTBEAT) node 3 sending heartbeat to node 0
[892093373] (HEARTBEAT) node 0 receives heartbeat from node 3
[892093373] (HEARTBEAT) node 3 sending heartbeat to node 1
[892093373] (HEARTBEAT) node 1 receives heartbeat from node 3
[892093373] (HEARTBEAT) node 3 sending heartbeat to node 2
[892093373] (HEARTBEAT) node 2 receives heartbeat from node 3
[892093373] (HEARTBEAT) node 3 sending heartbeat to node 4
[892093373] (HEARTBEAT) node 4 receives heartbeat from node 3
[892093386] (SHUTDOWN) shutting down node 0...
[892093386] (SHUTDOWN) shutting down node 1...
[892093386] (SHUTDOWN) shutting down node 2...
[892093386] (SHUTDOWN) shutting down node 3...
[892093386] (SHUTDOWN) shutting down node 4...
[892093386] (SHUTDOWN) HandleFollowerState exiting for node 0
[892093386] (SHUTDOWN) ApplyToStateMachine exiting for node 0
[892093386] (SHUTDOWN) HandleFollowerState exiting for node 1
[892093387] (SHUTDOWN) ApplyToStateMachine exiting for node 1
[892093387] (SHUTDOWN) CleanUpReplicationThreads exiting for node 1
[892093387] (SHUTDOWN) CleanUpReplicationThreads exiting for node 2
[892093387] (SHUTDOWN) ApplyToStateMachine exiting for node 3
[892093387] (SHUTDOWN) CleanUpReplicationThreads exiting for node 3
[892093387] (SHUTDOWN) HandleFollowerState exiting for node 4
[892093387] (SHUTDOWN) CleanUpReplicationThreads exiting for node 4
[892093387] (SHUTDOWN) HandleFollowerState exiting for node 2
[892093387] (SHUTDOWN) StartNode shutting down for node 1
[892093387] (SHUTDOWN) ApplyToStateMachine exiting for node 2
[892093387] (SHUTDOWN) CleanUpReplicationThreads exiting for node 0
[892093387] (SHUTDOWN) ApplyToStateMachine exiting for node 4
[892093387] (SHUTDOWN) StartNode shutting down for node 2
[892093388] (SHUTDOWN) HandleLeaderState exiting for node 3
[892093388] (SHUTDOWN) StartNode shutting down for node 0
[892093388] (SHUTDOWN) StartNode shutting down for node 4
[892093388] (SHUTDOWN) StartNode shutting down for node 3
[       OK ] ElectionTest.NodesResolveToSameTerm (331 ms)
[----------] 1 test from ElectionTest (331 ms total)

[----------] Global test environment tear-down
[==========] 1 test from 1 test suite ran. (331 ms total)
[  PASSED  ] 1 test.
<end of output>
Test time =   0.54 sec
----------------------------------------------------------
Test Passed.
"ElectionTest.NodesResolveToSameTerm" end time: May 24 01:12 EDT
"ElectionTest.NodesResolveToSameTerm" time elapsed: 00:00:00
----------------------------------------------------------

7/14 Testing: LogReplicationTest.CommitsSingleRequestOnLeader
7/14 Test: LogReplicationTest.CommitsSingleRequestOnLeader
Command: "/Users/tylerarciniaga/Documents/dev/Raft_Consensus/build/raft_tests" "--gtest_filter=LogReplicationTest.CommitsSingleRequestOnLeader" "--gtest_also_run_disabled_tests"
Directory: /Users/tylerarciniaga/Documents/dev/Raft_Consensus/build
"LogReplicationTest.CommitsSingleRequestOnLeader" start time: May 24 01:12 EDT
Output:
----------------------------------------------------------
Running main() from /Users/tylerarciniaga/Documents/dev/Raft_Consensus/build/_deps/googletest-src/googletest/src/gtest_main.cc
Note: Google Test filter = LogReplicationTest.CommitsSingleRequestOnLeader
[==========] Running 1 test from 1 test suite.
[----------] Global test environment set-up.
[----------] 1 test from LogReplicationTest
[ RUN      ] LogReplicationTest.CommitsSingleRequestOnLeader
[892093964] --> Switching node 4 from Follower to Candidate
[892093964] (SHUTDOWN) HandleFollowerState exiting for node 4
[892093964] --> node 4 starting an election (term = 1)...
[892093965] (VOTE) node 0 sends yes vote to node 4
[892093965] (VOTE) node 4 received yes vote from node 0
[892093965] (VOTE) node 1 sends yes vote to node 4
[892093965] (VOTE) node 4 received yes vote from node 1
[892093965] (VOTE) node 2 sends yes vote to node 4
[892093965] (VOTE) node 4 received yes vote from node 2
[892093965] (VOTE) node 3 sends yes vote to node 4
[892093965] (VOTE) node 4 received yes vote from node 3
[892093965] --> Switching node 4 from Candidate to Leader
[892093965] (HEARTBEAT) node 4 sending heartbeat to node 0
[892093965] (HEARTBEAT) node 0 receives heartbeat from node 4
[892093965] (HEARTBEAT) node 4 sending heartbeat to node 1
[892093965] (HEARTBEAT) node 1 receives heartbeat from node 4
[892093965] (HEARTBEAT) node 4 sending heartbeat to node 2
[892093965] (HEARTBEAT) node 2 receives heartbeat from node 4
[892093965] (HEARTBEAT) node 4 sending heartbeat to node 3
[892093965] (HEARTBEAT) node 3 receives heartbeat from node 4
[892093982] (LOG) node 4 sending AppendEntriesRPC to node 0
[892093982] (LOG) node 0 receives AppendEntriesRPC from node 4
[892093982] (LOG) node 4 sending AppendEntriesRPC to node 1
[892093982] (LOG) node 1 receives AppendEntriesRPC from node 4
[892093982] (LOG) node 4 sending AppendEntriesRPC to node 2
[892093982] (LOG) node 2 receives AppendEntriesRPC from node 4
[892093982] (LOG) node 4 sending AppendEntriesRPC to node 3
[892093982] (LOG) node 3 receives AppendEntriesRPC from node 4
[892093982] (SHUTDOWN) shutting down node 0...
[892093982] (SHUTDOWN) shutting down node 1...
[892093982] (SHUTDOWN) shutting down node 2...
[892093982] (SHUTDOWN) HandleFollowerState exiting for node 0
[892093982] (SHUTDOWN) HandleFollowerState exiting for node 1
[892093982] (SHUTDOWN) HandleFollowerState exiting for node 2
[892093982] (SHUTDOWN) ApplyToStateMachine exiting for node 1
[892093982] (SHUTDOWN) ApplyToStateMachine exiting for node 2
[892093982] (SHUTDOWN) CleanUpReplicationThreads exiting for node 0
[892093982] (SHUTDOWN) CleanUpReplicationThreads exiting for node 2
[892093982] (SHUTDOWN) shutting down node 3...
[892093982] (SHUTDOWN) shutting down node 4...
[892093982] (SHUTDOWN) ApplyToStateMachine exiting for node 0
[892093982] (SHUTDOWN) CleanUpReplicationThreads exiting for node 3
[892093983] (SHUTDOWN) StartNode shutting down for node 2
[892093983] (SHUTDOWN) CleanUpReplicationThreads exiting for node 1
[892093983] (SHUTDOWN) ApplyToStateMachine exiting for node 4
[892093983] (SHUTDOWN) StartNode shutting down for node 0
[892093983] (SHUTDOWN) StartNode shutting down for node 1
[892093983] (SHUTDOWN) CleanUpReplicationThreads exiting for node 4
[892093983] (SHUTDOWN) HandleFollowerState exiting for node 3
[892093983] (SHUTDOWN) HandleLeaderState exiting for node 4
[892093983] (SHUTDOWN) ApplyToStateMachine exiting for node 3
[892093983] (SHUTDOWN) StartNode shutting down for node 4
[892093983] (SHUTDOWN) StartNode shutting down for node 3
[       OK ] LogReplicationTest.CommitsSingleRequestOnLeader (383 ms)
[----------] 1 test from LogReplicationTest (383 ms total)

[----------] Global test environment tear-down
[==========] 1 test from 1 test suite ran. (384 ms total)
[  PASSED  ] 1 test.
<end of output>
Test time =   0.56 sec
----------------------------------------------------------
Test Passed.
"LogReplicationTest.CommitsSingleRequestOnLeader" end time: May 24 01:12 EDT
"LogReplicationTest.CommitsSingleRequestOnLeader" time elapsed: 00:00:00
----------------------------------------------------------

8/14 Testing: LogReplicationTest.CommitsSingleRequestOnFollowers
8/14 Test: LogReplicationTest.CommitsSingleRequestOnFollowers
Command: "/Users/tylerarciniaga/Documents/dev/Raft_Consensus/build/raft_tests" "--gtest_filter=LogReplicationTest.CommitsSingleRequestOnFollowers" "--gtest_also_run_disabled_tests"
Directory: /Users/tylerarciniaga/Documents/dev/Raft_Consensus/build
"LogReplicationTest.CommitsSingleRequestOnFollowers" start time: May 24 01:12 EDT
Output:
----------------------------------------------------------
Running main() from /Users/tylerarciniaga/Documents/dev/Raft_Consensus/build/_deps/googletest-src/googletest/src/gtest_main.cc
Note: Google Test filter = LogReplicationTest.CommitsSingleRequestOnFollowers
[==========] Running 1 test from 1 test suite.
[----------] Global test environment set-up.
[----------] 1 test from LogReplicationTest
[ RUN      ] LogReplicationTest.CommitsSingleRequestOnFollowers
[892094584] --> Switching node 0 from Follower to Candidate
[892094584] (SHUTDOWN) HandleFollowerState exiting for node 0
[892094584] --> node 0 starting an election (term = 1)...
[892094584] (VOTE) node 1 sends yes vote to node 0
[892094584] (VOTE) node 0 received yes vote from node 1
[892094584] (VOTE) node 2 sends yes vote to node 0
[892094584] (VOTE) node 0 received yes vote from node 2
[892094585] (VOTE) node 3 sends yes vote to node 0
[892094585] (VOTE) node 0 received yes vote from node 3
[892094585] (VOTE) node 4 sends yes vote to node 0
[892094585] (VOTE) node 0 received yes vote from node 4
[892094585] --> Switching node 0 from Candidate to Leader
[892094585] (HEARTBEAT) node 0 sending heartbeat to node 1
[892094585] (HEARTBEAT) node 1 receives heartbeat from node 0
[892094585] (HEARTBEAT) node 0 sending heartbeat to node 2
[892094585] (HEARTBEAT) node 2 receives heartbeat from node 0
[892094585] (HEARTBEAT) node 0 sending heartbeat to node 3
[892094585] (HEARTBEAT) node 3 receives heartbeat from node 0
[892094585] (HEARTBEAT) node 0 sending heartbeat to node 4
[892094585] (HEARTBEAT) node 4 receives heartbeat from node 0
[892094592] (LOG) node 0 sending AppendEntriesRPC to node 1
[892094592] (LOG) node 1 receives AppendEntriesRPC from node 0
[892094592] (LOG) node 0 sending AppendEntriesRPC to node 2
[892094592] (LOG) node 2 receives AppendEntriesRPC from node 0
[892094592] (LOG) node 0 sending AppendEntriesRPC to node 3
[892094592] (LOG) node 3 receives AppendEntriesRPC from node 0
[892094592] (LOG) node 0 sending AppendEntriesRPC to node 4
[892094592] (LOG) node 4 receives AppendEntriesRPC from node 0
[892094686] (HEARTBEAT) node 0 sending heartbeat to node 2
[892094686] (HEARTBEAT) node 2 receives heartbeat from node 0
[892094688] (HEARTBEAT) node 0 sending heartbeat to node 3
[892094688] (HEARTBEAT) node 3 receives heartbeat from node 0
[892094690] (HEARTBEAT) node 0 sending heartbeat to node 1
[892094690] (HEARTBEAT) node 0 sending heartbeat to node 4
[892094690] (HEARTBEAT) node 1 receives heartbeat from node 0
[892094690] (HEARTBEAT) node 4 receives heartbeat from node 0
[892094699] (LOG) node 0 sending AppendEntriesRPC to node 1
[892094699] (LOG) node 1 receives AppendEntriesRPC from node 0
[892094699] (LOG) node 0 sending AppendEntriesRPC to node 2
[892094699] (LOG) node 2 receives AppendEntriesRPC from node 0
[892094699] (LOG) node 0 sending AppendEntriesRPC to node 3
[892094699] (LOG) node 3 receives AppendEntriesRPC from node 0
[892094700] (LOG) node 0 sending AppendEntriesRPC to node 4
[892094700] (LOG) node 4 receives AppendEntriesRPC from node 0
[892094789] (HEARTBEAT) node 0 sending heartbeat to node 3
[892094789] (HEARTBEAT) node 3 receives heartbeat from node 0
[892094791] (HEARTBEAT) node 0 sending heartbeat to node 2
[892094791] (HEARTBEAT) node 2 receives heartbeat from node 0
[892094795] (HEARTBEAT) node 0 sending heartbeat to node 1
[892094795] (HEARTBEAT) node 0 sending heartbeat to node 4
[892094795] (HEARTBEAT) node 1 receives heartbeat from node 0
[892094795] (HEARTBEAT) node 4 receives heartbeat from node 0
[892094805] (SHUTDOWN) shutting down node 0...
[892094805] (SHUTDOWN) shutting down node 1...
[892094805] (SHUTDOWN) shutting down node 2...
[892094805] (SHUTDOWN) shutting down node 3...
[892094805] (SHUTDOWN) shutting down node 4...
[892094805] (SHUTDOWN) ApplyToStateMachine exiting for node 0
[892094805] (SHUTDOWN) HandleFollowerState exiting for node 1
[892094805] (SHUTDOWN) CleanUpReplicationThreads exiting for node 0
[892094805] (SHUTDOWN) ApplyToStateMachine exiting for node 1
[892094805] (SHUTDOWN) CleanUpReplicationThreads exiting for node 1
[892094805] (SHUTDOWN) HandleFollowerState exiting for node 3
[892094805] (SHUTDOWN) CleanUpReplicationThreads exiting for node 2
[892094805] (SHUTDOWN) CleanUpReplicationThreads exiting for node 3
[892094805] (SHUTDOWN) HandleFollowerState exiting for node 4
[892094805] (SHUTDOWN) ApplyToStateMachine exiting for node 4
[892094805] (SHUTDOWN) CleanUpReplicationThreads exiting for node 4
[892094805] (SHUTDOWN) HandleFollowerState exiting for node 2
[892094805] (SHUTDOWN) StartNode shutting down for node 1
[892094805] (SHUTDOWN) ApplyToStateMachine exiting for node 2
[892094805] (SHUTDOWN) HandleLeaderState exiting for node 0
[892094805] (SHUTDOWN) StartNode shutting down for node 2
[892094805] (SHUTDOWN) ApplyToStateMachine exiting for node 3
[892094806] (SHUTDOWN) StartNode shutting down for node 4
[892094806] (SHUTDOWN) StartNode shutting down for node 0
[892094806] (SHUTDOWN) StartNode shutting down for node 3
[       OK ] LogReplicationTest.CommitsSingleRequestOnFollowers (649 ms)
[----------] 1 test from LogReplicationTest (649 ms total)

[----------] Global test environment tear-down
[==========] 1 test from 1 test suite ran. (649 ms total)
[  PASSED  ] 1 test.
<end of output>
Test time =   0.81 sec
----------------------------------------------------------
Test Passed.
"LogReplicationTest.CommitsSingleRequestOnFollowers" end time: May 24 01:12 EDT
"LogReplicationTest.CommitsSingleRequestOnFollowers" time elapsed: 00:00:00
----------------------------------------------------------

9/14 Testing: LogReplicationTest.NodesApplyLogToStateMachine
9/14 Test: LogReplicationTest.NodesApplyLogToStateMachine
Command: "/Users/tylerarciniaga/Documents/dev/Raft_Consensus/build/raft_tests" "--gtest_filter=LogReplicationTest.NodesApplyLogToStateMachine" "--gtest_also_run_disabled_tests"
Directory: /Users/tylerarciniaga/Documents/dev/Raft_Consensus/build
"LogReplicationTest.NodesApplyLogToStateMachine" start time: May 24 01:12 EDT
Output:
----------------------------------------------------------
Running main() from /Users/tylerarciniaga/Documents/dev/Raft_Consensus/build/_deps/googletest-src/googletest/src/gtest_main.cc
Note: Google Test filter = LogReplicationTest.NodesApplyLogToStateMachine
[==========] Running 1 test from 1 test suite.
[----------] Global test environment set-up.
[----------] 1 test from LogReplicationTest
[ RUN      ] LogReplicationTest.NodesApplyLogToStateMachine
[892095326] --> Switching node 1 from Follower to Candidate
[892095326] (SHUTDOWN) HandleFollowerState exiting for node 1
[892095326] --> node 1 starting an election (term = 1)...
[892095327] (VOTE) node 0 sends yes vote to node 1
[892095327] (VOTE) node 2 sends yes vote to node 1
[892095327] (VOTE) node 1 received yes vote from node 0
[892095327] (VOTE) node 1 received yes vote from node 2
[892095327] (VOTE) node 3 sends yes vote to node 1
[892095327] (VOTE) node 1 received yes vote from node 3
[892095327] (VOTE) node 4 sends yes vote to node 1
[892095327] (VOTE) node 1 received yes vote from node 4
[892095327] --> Switching node 1 from Candidate to Leader
[892095327] (HEARTBEAT) node 1 sending heartbeat to node 0
[892095327] (HEARTBEAT) node 0 receives heartbeat from node 1
[892095327] (HEARTBEAT) node 1 sending heartbeat to node 2
[892095327] (HEARTBEAT) node 2 receives heartbeat from node 1
[892095327] (HEARTBEAT) node 1 sending heartbeat to node 3
[892095327] (HEARTBEAT) node 3 receives heartbeat from node 1
[892095327] (HEARTBEAT) node 1 sending heartbeat to node 4
[892095327] (HEARTBEAT) node 4 receives heartbeat from node 1
[892095357] (LOG) node 1 sending AppendEntriesRPC to node 0
[892095357] (LOG) node 0 receives AppendEntriesRPC from node 1
[892095357] (LOG) node 1 sending AppendEntriesRPC to node 2
[892095357] (LOG) node 2 receives AppendEntriesRPC from node 1
[892095357] (LOG) node 1 sending AppendEntriesRPC to node 3
[892095357] (LOG) node 3 receives AppendEntriesRPC from node 1
[892095357] (LOG) node 1 sending AppendEntriesRPC to node 4
[892095357] (LOG) node 4 receives AppendEntriesRPC from node 1
[892095432] (HEARTBEAT) node 1 sending heartbeat to node 0
[892095432] (HEARTBEAT) node 1 sending heartbeat to node 2
[892095432] (HEARTBEAT) node 0 receives heartbeat from node 1
[892095432] (HEARTBEAT) node 2 receives heartbeat from node 1
[892095432] (HEARTBEAT) node 1 sending heartbeat to node 3
[892095432] (HEARTBEAT) node 3 receives heartbeat from node 1
[892095432] (HEARTBEAT) node 1 sending heartbeat to node 4
[892095433] (HEARTBEAT) node 4 receives heartbeat from node 1
[892095466] (SHUTDOWN) shutting down node 0...
[892095466] (SHUTDOWN) shutting down node 1...
[892095466] (SHUTDOWN) HandleFollowerState exiting for node 0
[892095466] (SHUTDOWN) ApplyToStateMachine exiting for node 0
[892095466] (SHUTDOWN) CleanUpReplicationThreads exiting for node 0
[892095466] (SHUTDOWN) ApplyToStateMachine exiting for node 1
[892095466] (SHUTDOWN) CleanUpReplicationThreads exiting for node 1
[892095467] (SHUTDOWN) shutting down node 2...
[892095467] (SHUTDOWN) shutting down node 3...
[892095467] (SHUTDOWN) HandleFollowerState exiting for node 2
[892095467] (SHUTDOWN) shutting down node 4...
[892095467] (SHUTDOWN) HandleLeaderState exiting for node 1
[892095467] (SHUTDOWN) HandleFollowerState exiting for node 4
[892095467] (SHUTDOWN) CleanUpReplicationThreads exiting for node 4
[892095467] (SHUTDOWN) StartNode shutting down for node 1
[892095467] (SHUTDOWN) CleanUpReplicationThreads exiting for node 3
[892095467] (SHUTDOWN) StartNode shutting down for node 0
[892095467] (SHUTDOWN) CleanUpReplicationThreads exiting for node 2
[892095467] (SHUTDOWN) HandleFollowerState exiting for node 3
[892095467] (SHUTDOWN) ApplyToStateMachine exiting for node 4
[892095467] (SHUTDOWN) ApplyToStateMachine exiting for node 2
[892095467] (SHUTDOWN) ApplyToStateMachine exiting for node 3
[892095467] (SHUTDOWN) StartNode shutting down for node 4
[892095467] (SHUTDOWN) StartNode shutting down for node 2
[892095467] (SHUTDOWN) StartNode shutting down for node 3
[       OK ] LogReplicationTest.NodesApplyLogToStateMachine (497 ms)
[----------] 1 test from LogReplicationTest (497 ms total)

[----------] Global test environment tear-down
[==========] 1 test from 1 test suite ran. (497 ms total)
[  PASSED  ] 1 test.
<end of output>
Test time =   0.67 sec
----------------------------------------------------------
Test Passed.
"LogReplicationTest.NodesApplyLogToStateMachine" end time: May 24 01:12 EDT
"LogReplicationTest.NodesApplyLogToStateMachine" time elapsed: 00:00:00
----------------------------------------------------------

10/14 Testing: LogReplicationTest.FullyReplicates100Entries
10/14 Test: LogReplicationTest.FullyReplicates100Entries
Command: "/Users/tylerarciniaga/Documents/dev/Raft_Consensus/build/raft_tests" "--gtest_filter=LogReplicationTest.FullyReplicates100Entries" "--gtest_also_run_disabled_tests"
Directory: /Users/tylerarciniaga/Documents/dev/Raft_Consensus/build
"LogReplicationTest.FullyReplicates100Entries" start time: May 24 01:12 EDT
Output:
----------------------------------------------------------
Running main() from /Users/tylerarciniaga/Documents/dev/Raft_Consensus/build/_deps/googletest-src/googletest/src/gtest_main.cc
Note: Google Test filter = LogReplicationTest.FullyReplicates100Entries
[==========] Running 1 test from 1 test suite.
[----------] Global test environment set-up.
[----------] 1 test from LogReplicationTest
[ RUN      ] LogReplicationTest.FullyReplicates100Entries
[892095999] --> Switching node 3 from Follower to Candidate
[892095999] (SHUTDOWN) HandleFollowerState exiting for node 3
[892095999] --> node 3 starting an election (term = 1)...
[892095999] (VOTE) node 0 sends yes vote to node 3
[892095999] (VOTE) node 3 received yes vote from node 0
[892095999] (VOTE) node 1 sends yes vote to node 3
[892095999] (VOTE) node 3 received yes vote from node 1
[892095999] (VOTE) node 2 sends yes vote to node 3
[892096000] (VOTE) node 3 received yes vote from node 2
[892096000] (VOTE) node 4 sends yes vote to node 3
[892096000] (VOTE) node 3 received yes vote from node 4
[892096000] --> Switching node 3 from Candidate to Leader
[892096000] (HEARTBEAT) node 3 sending heartbeat to node 0
[892096000] (HEARTBEAT) node 0 receives heartbeat from node 3
[892096000] (HEARTBEAT) node 3 sending heartbeat to node 1
[892096000] (HEARTBEAT) node 1 receives heartbeat from node 3
[892096000] (HEARTBEAT) node 3 sending heartbeat to node 2
[892096000] (HEARTBEAT) node 2 receives heartbeat from node 3
[892096000] (HEARTBEAT) node 3 sending heartbeat to node 4
[892096000] (HEARTBEAT) node 4 receives heartbeat from node 3
[892096033] (LOG) node 3 sending AppendEntriesRPC to node 0
[892096033] (LOG) node 0 receives AppendEntriesRPC from node 3
[892096033] (LOG) node 3 sending AppendEntriesRPC to node 1
[892096033] (LOG) node 1 receives AppendEntriesRPC from node 3
[892096033] (LOG) node 3 sending AppendEntriesRPC to node 2
[892096033] (LOG) node 2 receives AppendEntriesRPC from node 3
[892096033] (LOG) node 3 sending AppendEntriesRPC to node 4
[892096033] (LOG) node 4 receives AppendEntriesRPC from node 3
[892096034] (LOG) node 3 sending AppendEntriesRPC to node 0
[892096034] (LOG) node 0 receives AppendEntriesRPC from node 3
[892096034] (LOG) node 3 sending AppendEntriesRPC to node 1
[892096034] (LOG) node 1 receives AppendEntriesRPC from node 3
[892096034] (LOG) node 3 sending AppendEntriesRPC to node 2
[892096034] (LOG) node 2 receives AppendEntriesRPC from node 3
[892096035] (LOG) node 3 sending AppendEntriesRPC to node 4
[892096035] (LOG) node 4 receives AppendEntriesRPC from node 3
[892096044] (LOG) node 3 sending AppendEntriesRPC to node 0
[892096045] (LOG) node 0 receives AppendEntriesRPC from node 3
[892096045] (LOG) node 3 sending AppendEntriesRPC to node 1
[892096045] (LOG) node 1 receives AppendEntriesRPC from node 3
[892096046] (LOG) node 3 sending AppendEntriesRPC to node 2
[892096046] (LOG) node 2 receives AppendEntriesRPC from node 3
[892096046] (LOG) node 3 sending AppendEntriesRPC to node 4
[892096046] (LOG) node 4 receives AppendEntriesRPC from node 3
[892096047] (LOG) node 3 sending AppendEntriesRPC to node 0
[892096047] (LOG) node 0 receives AppendEntriesRPC from node 3
[892096047] (LOG) node 3 sending AppendEntriesRPC to node 1
[892096047] (LOG) node 1 receives AppendEntriesRPC from node 3
[892096047] (LOG) node 3 sending AppendEntriesRPC to node 2
[892096047] (LOG) node 2 receives AppendEntriesRPC from node 3
[892096047] (LOG) node 3 sending AppendEntriesRPC to node 4
[892096047] (LOG) node 4 receives AppendEntriesRPC from node 3
[892096047] (LOG) node 3 sending AppendEntriesRPC to node 0
[892096047] (LOG) node 0 receives AppendEntriesRPC from node 3
[892096047] (LOG) node 3 sending AppendEntriesRPC to node 1
[892096047] (LOG) node 1 receives AppendEntriesRPC from node 3
[892096047] (LOG) node 3 sending AppendEntriesRPC to node 2
[892096047] (LOG) node 2 receives AppendEntriesRPC from node 3
[892096047] (LOG) node 3 sending AppendEntriesRPC to node 4
[892096047] (LOG) node 4 receives AppendEntriesRPC from node 3
[892096048] (LOG) node 3 sending AppendEntriesRPC to node 0
[892096048] (LOG) node 0 receives AppendEntriesRPC from node 3
[892096048] (LOG) node 3 sending AppendEntriesRPC to node 1
[892096048] (LOG) node 1 receives AppendEntriesRPC from node 3
[892096048] (LOG) node 3 sending AppendEntriesRPC to node 2
[892096048] (LOG) node 2 receives AppendEntriesRPC from node 3
[892096048] (LOG) node 3 sending AppendEntriesRPC to node 4
[892096048] (LOG) node 4 receives AppendEntriesRPC from node 3
[892096048] (LOG) node 3 sending AppendEntriesRPC to node 0
[892096048] (LOG) node 0 receives AppendEntriesRPC from node 3
[892096048] (LOG) node 3 sending AppendEntriesRPC to node 1
[892096048] (LOG) node 1 receives AppendEntriesRPC from node 3
[892096048] (LOG) node 3 sending AppendEntriesRPC to node 2
[892096048] (LOG) node 2 receives AppendEntriesRPC from node 3
[892096048] (LOG) node 3 sending AppendEntriesRPC to node 4
[892096048] (LOG) node 4 receives AppendEntriesRPC from node 3
[892096048] (LOG) node 3 sending AppendEntriesRPC to node 0
[892096048] (LOG) node 0 receives AppendEntriesRPC from node 3
[892096048] (LOG) node 3 sending AppendEntriesRPC to node 1
[892096048] (LOG) node 1 receives AppendEntriesRPC from node 3
[892096048] (LOG) node 3 sending AppendEntriesRPC to node 2
[892096048] (LOG) node 2 receives AppendEntriesRPC from node 3
[892096048] (LOG) node 3 sending AppendEntriesRPC to node 4
[892096048] (LOG) node 4 receives AppendEntriesRPC from node 3
[892096048] (LOG) node 3 sending AppendEntriesRPC to node 0
[892096048] (LOG) node 0 receives AppendEntriesRPC from node 3
[892096048] (LOG) node 3 sending AppendEntriesRPC to node 1
[892096048] (LOG) node 1 receives AppendEntriesRPC from node 3
[892096049] (LOG) node 3 sending AppendEntriesRPC to node 2
[892096049] (LOG) node 2 receives AppendEntriesRPC from node 3
[892096049] (LOG) node 3 sending AppendEntriesRPC to node 4
[892096049] (LOG) node 4 receives AppendEntriesRPC from node 3
[892096049] (LOG) node 3 sending AppendEntriesRPC to node 0
[892096049] (LOG) node 0 receives AppendEntriesRPC from node 3
[892096049] (LOG) node 3 sending AppendEntriesRPC to node 1
[892096049] (LOG) node 1 receives AppendEntriesRPC from node 3
[892096049] (LOG) node 3 sending AppendEntriesRPC to node 2
[892096049] (LOG) node 2 receives AppendEntriesRPC from node 3
[892096049] (LOG) node 3 sending AppendEntriesRPC to node 4
[892096049] (LOG) node 4 receives AppendEntriesRPC from node 3
[892096049] (LOG) node 3 sending AppendEntriesRPC to node 0
[892096049] (LOG) node 0 receives AppendEntriesRPC from node 3
[892096049] (LOG) node 3 sending AppendEntriesRPC to node 1
[892096049] (LOG) node 1 receives AppendEntriesRPC from node 3
[892096049] (LOG) node 3 sending AppendEntriesRPC to node 2
[892096049] (LOG) node 2 receives AppendEntriesRPC from node 3
[892096049] (LOG) node 3 sending AppendEntriesRPC to node 4
[892096049] (LOG) node 4 receives AppendEntriesRPC from node 3
[892096049] (LOG) node 3 sending AppendEntriesRPC to node 0
[892096049] (LOG) node 0 receives AppendEntriesRPC from node 3
[892096049] (LOG) node 3 sending AppendEntriesRPC to node 1
[892096049] (LOG) node 1 receives AppendEntriesRPC from node 3
[892096049] (LOG) node 3 sending AppendEntriesRPC to node 2
[892096049] (LOG) node 2 receives AppendEntriesRPC from node 3
[892096049] (LOG) node 3 sending AppendEntriesRPC to node 4
[892096050] (LOG) node 4 receives AppendEntriesRPC from node 3
[892096050] (LOG) node 3 sending AppendEntriesRPC to node 0
[892096050] (LOG) node 0 receives AppendEntriesRPC from node 3
[892096050] (LOG) node 3 sending AppendEntriesRPC to node 1
[892096050] (LOG) node 1 receives AppendEntriesRPC from node 3
[892096050] (LOG) node 3 sending AppendEntriesRPC to node 2
[892096050] (LOG) node 2 receives AppendEntriesRPC from node 3
[892096050] (LOG) node 3 sending AppendEntriesRPC to node 4
[892096050] (LOG) node 4 receives AppendEntriesRPC from node 3
[892096050] (LOG) node 3 sending AppendEntriesRPC to node 0
[892096050] (LOG) node 0 receives AppendEntriesRPC from node 3
[892096050] (LOG) node 3 sending AppendEntriesRPC to node 1
[892096050] (LOG) node 1 receives AppendEntriesRPC from node 3
[892096050] (LOG) node 3 sending AppendEntriesRPC to node 2
[892096050] (LOG) node 2 receives AppendEntriesRPC from node 3
[892096050] (LOG) node 3 sending AppendEntriesRPC to node 4
[892096050] (LOG) node 4 receives AppendEntriesRPC from node 3
[892096050] (LOG) node 3 sending AppendEntriesRPC to node 0
[892096050] (LOG) node 0 receives AppendEntriesRPC from node 3
[892096050] (LOG) node 3 sending AppendEntriesRPC to node 1
[892096050] (LOG) node 1 receives AppendEntriesRPC from node 3
[892096050] (LOG) node 3 sending AppendEntriesRPC to node 2
[892096050] (LOG) node 2 receives AppendEntriesRPC from node 3
[892096051] (LOG) node 3 sending AppendEntriesRPC to node 4
[892096051] (LOG) node 4 receives AppendEntriesRPC from node 3
[892096051] (LOG) node 3 sending AppendEntriesRPC to node 0
[892096051] (LOG) node 0 receives AppendEntriesRPC from node 3
[892096051] (LOG) node 3 sending AppendEntriesRPC to node 1
[892096051] (LOG) node 1 receives AppendEntriesRPC from node 3
[892096051] (LOG) node 3 sending AppendEntriesRPC to node 2
[892096051] (LOG) node 2 receives AppendEntriesRPC from node 3
[892096051] (LOG) node 3 sending AppendEntriesRPC to node 4
[892096051] (LOG) node 4 receives AppendEntriesRPC from node 3
[892096051] (LOG) node 3 sending AppendEntriesRPC to node 0
[892096051] (LOG) node 0 receives AppendEntriesRPC from node 3
[892096051] (LOG) node 3 sending AppendEntriesRPC to node 1
[892096051] (LOG) node 1 receives AppendEntriesRPC from node 3
[892096052] (LOG) node 3 sending AppendEntriesRPC to node 2
[892096052] (LOG) node 2 receives AppendEntriesRPC from node 3
[892096052] (LOG) node 3 sending AppendEntriesRPC to node 4
[892096052] (LOG) node 4 receives AppendEntriesRPC from node 3
[892096052] (LOG) node 3 sending AppendEntriesRPC to node 0
[892096052] (LOG) node 0 receives AppendEntriesRPC from node 3
[892096052] (LOG) node 3 sending AppendEntriesRPC to node 1
[892096052] (LOG) node 1 receives AppendEntriesRPC from node 3
[892096052] (LOG) node 3 sending AppendEntriesRPC to node 2
[892096052] (LOG) node 2 receives AppendEntriesRPC from node 3
[892096052] (LOG) node 3 sending AppendEntriesRPC to node 4
[892096052] (LOG) node 4 receives AppendEntriesRPC from node 3
[892096052] (LOG) node 3 sending AppendEntriesRPC to node 0
[892096052] (LOG) node 0 receives AppendEntriesRPC from node 3
[892096052] (LOG) node 3 sending AppendEntriesRPC to node 1
[892096052] (LOG) node 1 receives AppendEntriesRPC from node 3
[892096052] (LOG) node 3 sending AppendEntriesRPC to node 2
[892096052] (LOG) node 2 receives AppendEntriesRPC from node 3
[892096052] (LOG) node 3 sending AppendEntriesRPC to node 4
[892096052] (LOG) node 4 receives AppendEntriesRPC from node 3
[892096053] (LOG) node 3 sending AppendEntriesRPC to node 0
[892096053] (LOG) node 0 receives AppendEntriesRPC from node 3
[892096053] (LOG) node 3 sending AppendEntriesRPC to node 1
[892096053] (LOG) node 1 receives AppendEntriesRPC from node 3
[892096053] (LOG) node 3 sending AppendEntriesRPC to node 2
[892096053] (LOG) node 2 receives AppendEntriesRPC from node 3
[892096053] (LOG) node 3 sending AppendEntriesRPC to node 4
[892096053] (LOG) node 4 receives AppendEntriesRPC from node 3
[892096053] (LOG) node 3 sending AppendEntriesRPC to node 0
[892096053] (LOG) node 0 receives AppendEntriesRPC from node 3
[892096053] (LOG) node 3 sending AppendEntriesRPC to node 1
[892096053] (LOG) node 1 receives AppendEntriesRPC from node 3
[892096053] (LOG) node 3 sending AppendEntriesRPC to node 2
[892096053] (LOG) node 2 receives AppendEntriesRPC from node 3
[892096053] (LOG) node 3 sending AppendEntriesRPC to node 4
[892096053] (LOG) node 4 receives AppendEntriesRPC from node 3
[892096053] (LOG) node 3 sending AppendEntriesRPC to node 0
[892096053] (LOG) node 0 receives AppendEntriesRPC from node 3
[892096053] (LOG) node 3 sending AppendEntriesRPC to node 1
[892096053] (LOG) node 1 receives AppendEntriesRPC from node 3
[892096053] (LOG) node 3 sending AppendEntriesRPC to node 2
[892096053] (LOG) node 2 receives AppendEntriesRPC from node 3
[892096053] (LOG) node 3 sending AppendEntriesRPC to node 4
[892096053] (LOG) node 4 receives AppendEntriesRPC from node 3
[892096053] (LOG) node 3 sending AppendEntriesRPC to node 0
[892096053] (LOG) node 0 receives AppendEntriesRPC from node 3
[892096053] (LOG) node 3 sending AppendEntriesRPC to node 1
[892096053] (LOG) node 1 receives AppendEntriesRPC from node 3
[892096053] (LOG) node 3 sending AppendEntriesRPC to node 2
[892096053] (LOG) node 2 receives AppendEntriesRPC from node 3
[892096054] (LOG) node 3 sending AppendEntriesRPC to node 4
[892096054] (LOG) node 4 receives AppendEntriesRPC from node 3
[892096054] (LOG) node 3 sending AppendEntriesRPC to node 0
[892096054] (LOG) node 0 receives AppendEntriesRPC from node 3
[892096054] (LOG) node 3 sending AppendEntriesRPC to node 1
[892096054] (LOG) node 1 receives AppendEntriesRPC from node 3
[892096054] (LOG) node 3 sending AppendEntriesRPC to node 2
[892096054] (LOG) node 2 receives AppendEntriesRPC from node 3
[892096054] (LOG) node 3 sending AppendEntriesRPC to node 4
[892096054] (LOG) node 4 receives AppendEntriesRPC from node 3
[892096054] (LOG) node 3 sending AppendEntriesRPC to node 0
[892096054] (LOG) node 0 receives AppendEntriesRPC from node 3
[892096054] (LOG) node 3 sending AppendEntriesRPC to node 1
[892096054] (LOG) node 1 receives AppendEntriesRPC from node 3
[892096054] (LOG) node 3 sending AppendEntriesRPC to node 2
[892096054] (LOG) node 2 receives AppendEntriesRPC from node 3
[892096054] (LOG) node 3 sending AppendEntriesRPC to node 4
[892096054] (LOG) node 4 receives AppendEntriesRPC from node 3
[892096054] (LOG) node 3 sending AppendEntriesRPC to node 0
[892096054] (LOG) node 0 receives AppendEntriesRPC from node 3
[892096054] (LOG) node 3 sending AppendEntriesRPC to node 1
[892096054] (LOG) node 1 receives AppendEntriesRPC from node 3
[892096054] (LOG) node 3 sending AppendEntriesRPC to node 2
[892096054] (LOG) node 2 receives AppendEntriesRPC from node 3
[892096054] (LOG) node 3 sending AppendEntriesRPC to node 4
[892096054] (LOG) node 4 receives AppendEntriesRPC from node 3
[892096054] (LOG) node 3 sending AppendEntriesRPC to node 0
[892096054] (LOG) node 0 receives AppendEntriesRPC from node 3
[892096054] (LOG) node 3 sending AppendEntriesRPC to node 1
[892096054] (LOG) node 1 receives AppendEntriesRPC from node 3
[892096055] (LOG) node 3 sending AppendEntriesRPC to node 2
[892096055] (LOG) node 2 receives AppendEntriesRPC from node 3
[892096055] (LOG) node 3 sending AppendEntriesRPC to node 4
[892096055] (LOG) node 4 receives AppendEntriesRPC from node 3
[892096055] (LOG) node 3 sending AppendEntriesRPC to node 0
[892096055] (LOG) node 0 receives AppendEntriesRPC from node 3
[892096055] (LOG) node 3 sending AppendEntriesRPC to node 1
[892096055] (LOG) node 1 receives AppendEntriesRPC from node 3
[892096055] (LOG) node 3 sending AppendEntriesRPC to node 2
[892096055] (LOG) node 2 receives AppendEntriesRPC from node 3
[892096055] (LOG) node 3 sending AppendEntriesRPC to node 4
[892096055] (LOG) node 4 receives AppendEntriesRPC from node 3
[892096055] (LOG) node 3 sending AppendEntriesRPC to node 0
[892096055] (LOG) node 0 receives AppendEntriesRPC from node 3
[892096055] (LOG) node 3 sending AppendEntriesRPC to node 1
[892096055] (LOG) node 1 receives AppendEntriesRPC from node 3
[892096055] (LOG) node 3 sending AppendEntriesRPC to node 2
[892096055] (LOG) node 2 receives AppendEntriesRPC from node 3
[892096055] (LOG) node 3 sending AppendEntriesRPC to node 4
[892096055] (LOG) node 4 receives AppendEntriesRPC from node 3
[892096055] (LOG) node 3 sending AppendEntriesRPC to node 0
[892096055] (LOG) node 0 receives AppendEntriesRPC from node 3
[892096055] (LOG) node 3 sending AppendEntriesRPC to node 1
[892096055] (LOG) node 1 receives AppendEntriesRPC from node 3
[892096056] (LOG) node 3 sending AppendEntriesRPC to node 2
[892096056] (LOG) node 2 receives AppendEntriesRPC from node 3
[892096056] (LOG) node 3 sending AppendEntriesRPC to node 4
[892096056] (LOG) node 4 receives AppendEntriesRPC from node 3
[892096056] (LOG) node 3 sending AppendEntriesRPC to node 0
[892096056] (LOG) node 0 receives AppendEntriesRPC from node 3
[892096056] (LOG) node 3 sending AppendEntriesRPC to node 1
[892096056] (LOG) node 1 receives AppendEntriesRPC from node 3
[892096056] (LOG) node 3 sending AppendEntriesRPC to node 2
[892096056] (LOG) node 2 receives AppendEntriesRPC from node 3
[892096056] (LOG) node 3 sending AppendEntriesRPC to node 4
[892096056] (LOG) node 4 receives AppendEntriesRPC from node 3
[892096056] (LOG) node 3 sending AppendEntriesRPC to node 0
[892096056] (LOG) node 0 receives AppendEntriesRPC from node 3
[892096056] (LOG) node 3 sending AppendEntriesRPC to node 1
[892096056] (LOG) node 1 receives AppendEntriesRPC from node 3
[892096056] (LOG) node 3 sending AppendEntriesRPC to node 2
[892096056] (LOG) node 2 receives AppendEntriesRPC from node 3
[892096056] (LOG) node 3 sending AppendEntriesRPC to node 4
[892096056] (LOG) node 4 receives AppendEntriesRPC from node 3
[892096056] (LOG) node 3 sending AppendEntriesRPC to node 0
[892096056] (LOG) node 0 receives AppendEntriesRPC from node 3
[892096056] (LOG) node 3 sending AppendEntriesRPC to node 1
[892096056] (LOG) node 1 receives AppendEntriesRPC from node 3
[892096056] (LOG) node 3 sending AppendEntriesRPC to node 2
[892096056] (LOG) node 2 receives AppendEntriesRPC from node 3
[892096056] (LOG) node 3 sending AppendEntriesRPC to node 4
[892096057] (LOG) node 4 receives AppendEntriesRPC from node 3
[892096057] (LOG) node 3 sending AppendEntriesRPC to node 0
[892096057] (LOG) node 0 receives AppendEntriesRPC from node 3
[892096057] (LOG) node 3 sending AppendEntriesRPC to node 1
[892096057] (LOG) node 1 receives AppendEntriesRPC from node 3
[892096057] (LOG) node 3 sending AppendEntriesRPC to node 2
[892096057] (LOG) node 2 receives AppendEntriesRPC from node 3
[892096057] (LOG) node 3 sending AppendEntriesRPC to node 4
[892096057] (LOG) node 4 receives AppendEntriesRPC from node 3
[892096057] (LOG) node 3 sending AppendEntriesRPC to node 0
[892096057] (LOG) node 0 receives AppendEntriesRPC from node 3
[892096057] (LOG) node 3 sending AppendEntriesRPC to node 1
[892096057] (LOG) node 1 receives AppendEntriesRPC from node 3
[892096057] (LOG) node 3 sending AppendEntriesRPC to node 2
[892096057] (LOG) node 2 receives AppendEntriesRPC from node 3
[892096057] (LOG) node 3 sending AppendEntriesRPC to node 4
[892096057] (LOG) node 4 receives AppendEntriesRPC from node 3
[892096057] (LOG) node 3 sending AppendEntriesRPC to node 0
[892096057] (LOG) node 0 receives AppendEntriesRPC from node 3
[892096057] (LOG) node 3 sending AppendEntriesRPC to node 1
[892096057] (LOG) node 1 receives AppendEntriesRPC from node 3
[892096057] (LOG) node 3 sending AppendEntriesRPC to node 2
[892096057] (LOG) node 2 receives AppendEntriesRPC from node 3
[892096058] (LOG) node 3 sending AppendEntriesRPC to node 4
[892096058] (LOG) node 4 receives AppendEntriesRPC from node 3
[892096058] (LOG) node 3 sending AppendEntriesRPC to node 0
[892096058] (LOG) node 0 receives AppendEntriesRPC from node 3
[892096058] (LOG) node 3 sending AppendEntriesRPC to node 1
[892096058] (LOG) node 1 receives AppendEntriesRPC from node 3
[892096058] (LOG) node 3 sending AppendEntriesRPC to node 2
[892096058] (LOG) node 2 receives AppendEntriesRPC from node 3
[892096058] (LOG) node 3 sending AppendEntriesRPC to node 4
[892096058] (LOG) node 4 receives AppendEntriesRPC from node 3
[892096058] (LOG) node 3 sending AppendEntriesRPC to node 0
[892096058] (LOG) node 0 receives AppendEntriesRPC from node 3
[892096058] (LOG) node 3 sending AppendEntriesRPC to node 1
[892096058] (LOG) node 1 receives AppendEntriesRPC from node 3
[892096058] (LOG) node 3 sending AppendEntriesRPC to node 2
[892096058] (LOG) node 2 receives AppendEntriesRPC from node 3
[892096058] (LOG) node 3 sending AppendEntriesRPC to node 4
[892096058] (LOG) node 4 receives AppendEntriesRPC from node 3
[892096058] (LOG) node 3 sending AppendEntriesRPC to node 0
[892096058] (LOG) node 0 receives AppendEntriesRPC from node 3
[892096058] (LOG) node 3 sending AppendEntriesRPC to node 1
[892096058] (LOG) node 1 receives AppendEntriesRPC from node 3
[892096058] (LOG) node 3 sending AppendEntriesRPC to node 2
[892096058] (LOG) node 2 receives AppendEntriesRPC from node 3
[892096058] (LOG) node 3 sending AppendEntriesRPC to node 4
[892096058] (LOG) node 4 receives AppendEntriesRPC from node 3
[892096058] (LOG) node 3 sending AppendEntriesRPC to node 0
[892096058] (LOG) node 0 receives AppendEntriesRPC from node 3
[892096058] (LOG) node 3 sending AppendEntriesRPC to node 1
[892096058] (LOG) node 1 receives AppendEntriesRPC from node 3
[892096058] (LOG) node 3 sending AppendEntriesRPC to node 2
[892096058] (LOG) node 2 receives AppendEntriesRPC from node 3
[892096058] (LOG) node 3 sending AppendEntriesRPC to node 4
[892096058] (LOG) node 4 receives AppendEntriesRPC from node 3
[892096058] (LOG) node 3 sending AppendEntriesRPC to node 0
[892096058] (LOG) node 0 receives AppendEntriesRPC from node 3
[892096058] (LOG) node 3 sending AppendEntriesRPC to node 1
[892096058] (LOG) node 1 receives AppendEntriesRPC from node 3
[892096059] (LOG) node 3 sending AppendEntriesRPC to node 2
[892096059] (LOG) node 2 receives AppendEntriesRPC from node 3
[892096059] (LOG) node 3 sending AppendEntriesRPC to node 4
[892096059] (LOG) node 4 receives AppendEntriesRPC from node 3
[892096059] (LOG) node 3 sending AppendEntriesRPC to node 0
[892096059] (LOG) node 0 receives AppendEntriesRPC from node 3
[892096059] (LOG) node 3 sending AppendEntriesRPC to node 1
[892096059] (LOG) node 1 receives AppendEntriesRPC from node 3
[892096059] (LOG) node 3 sending AppendEntriesRPC to node 2
[892096059] (LOG) node 2 receives AppendEntriesRPC from node 3
[892096059] (LOG) node 3 sending AppendEntriesRPC to node 4
[892096059] (LOG) node 4 receives AppendEntriesRPC from node 3
[892096059] (LOG) node 3 sending AppendEntriesRPC to node 0
[892096059] (LOG) node 0 receives AppendEntriesRPC from node 3
[892096059] (LOG) node 3 sending AppendEntriesRPC to node 1
[892096059] (LOG) node 1 receives AppendEntriesRPC from node 3
[892096059] (LOG) node 3 sending AppendEntriesRPC to node 2
[892096059] (LOG) node 2 receives AppendEntriesRPC from node 3
[892096059] (LOG) node 3 sending AppendEntriesRPC to node 4
[892096059] (LOG) node 4 receives AppendEntriesRPC from node 3
[892096059] (LOG) node 3 sending AppendEntriesRPC to node 0
[892096059] (LOG) node 0 receives AppendEntriesRPC from node 3
[892096059] (LOG) node 3 sending AppendEntriesRPC to node 1
[892096059] (LOG) node 1 receives AppendEntriesRPC from node 3
[892096059] (LOG) node 3 sending AppendEntriesRPC to node 2
[892096059] (LOG) node 2 receives AppendEntriesRPC from node 3
[892096060] (LOG) node 3 sending AppendEntriesRPC to node 4
[892096060] (LOG) node 4 receives AppendEntriesRPC from node 3
[892096060] (LOG) node 3 sending AppendEntriesRPC to node 0
[892096060] (LOG) node 0 receives AppendEntriesRPC from node 3
[892096060] (LOG) node 3 sending AppendEntriesRPC to node 1
[892096060] (LOG) node 1 receives AppendEntriesRPC from node 3
[892096060] (LOG) node 3 sending AppendEntriesRPC to node 2
[892096060] (LOG) node 2 receives AppendEntriesRPC from node 3
[892096060] (LOG) node 3 sending AppendEntriesRPC to node 4
[892096060] (LOG) node 4 receives AppendEntriesRPC from node 3
[892096060] (LOG) node 3 sending AppendEntriesRPC to node 0
[892096060] (LOG) node 0 receives AppendEntriesRPC from node 3
[892096060] (LOG) node 3 sending AppendEntriesRPC to node 1
[892096060] (LOG) node 1 receives AppendEntriesRPC from node 3
[892096060] (LOG) node 3 sending AppendEntriesRPC to node 2
[892096060] (LOG) node 2 receives AppendEntriesRPC from node 3
[892096060] (LOG) node 3 sending AppendEntriesRPC to node 4
[892096060] (LOG) node 4 receives AppendEntriesRPC from node 3
[892096060] (LOG) node 3 sending AppendEntriesRPC to node 0
[892096060] (LOG) node 0 receives AppendEntriesRPC from node 3
[892096060] (LOG) node 3 sending AppendEntriesRPC to node 1
[892096060] (LOG) node 1 receives AppendEntriesRPC from node 3
[892096060] (LOG) node 3 sending AppendEntriesRPC to node 2
[892096060] (LOG) node 2 receives AppendEntriesRPC from node 3
[892096060] (LOG) node 3 sending AppendEntriesRPC to node 4
[892096061] (LOG) node 4 receives AppendEntriesRPC from node 3
[892096061] (LOG) node 3 sending AppendEntriesRPC to node 0
[892096061] (LOG) node 0 receives AppendEntriesRPC from node 3
[892096061] (LOG) node 3 sending AppendEntriesRPC to node 1
[892096061] (LOG) node 1 receives AppendEntriesRPC from node 3
[892096061] (LOG) node 3 sending AppendEntriesRPC to node 2
[892096061] (LOG) node 2 receives AppendEntriesRPC from node 3
[892096061] (LOG) node 3 sending AppendEntriesRPC to node 4
[892096061] (LOG) node 4 receives AppendEntriesRPC from node 3
[892096061] (LOG) node 3 sending AppendEntriesRPC to node 0
[892096061] (LOG) node 0 receives AppendEntriesRPC from node 3
[892096061] (LOG) node 3 sending AppendEntriesRPC to node 1
[892096061] (LOG) node 1 receives AppendEntriesRPC from node 3
[892096061] (LOG) node 3 sending AppendEntriesRPC to node 2
[892096061] (LOG) node 2 receives AppendEntriesRPC from node 3
[892096061] (LOG) node 3 sending AppendEntriesRPC to node 4
[892096061] (LOG) node 4 receives AppendEntriesRPC from node 3
[892096061] (LOG) node 3 sending AppendEntriesRPC to node 0
[892096061] (LOG) node 0 receives AppendEntriesRPC from node 3
[892096061] (LOG) node 3 sending AppendEntriesRPC to node 1
[892096061] (LOG) node 1 receives AppendEntriesRPC from node 3
[892096061] (LOG) node 3 sending AppendEntriesRPC to node 2
[892096061] (LOG) node 2 receives AppendEntriesRPC from node 3
[892096061] (LOG) node 3 sending AppendEntriesRPC to node 4
[892096061] (LOG) node 4 receives AppendEntriesRPC from node 3
[892096062] (LOG) node 3 sending AppendEntriesRPC to node 0
[892096062] (LOG) node 0 receives AppendEntriesRPC from node 3
[892096062] (LOG) node 3 sending AppendEntriesRPC to node 1
[892096062] (LOG) node 1 receives AppendEntriesRPC from node 3
[892096062] (LOG) node 3 sending AppendEntriesRPC to node 2
[892096062] (LOG) node 2 receives AppendEntriesRPC from node 3
[892096062] (LOG) node 3 sending AppendEntriesRPC to node 4
[892096062] (LOG) node 4 receives AppendEntriesRPC from node 3
[892096062] (LOG) node 3 sending AppendEntriesRPC to node 0
[892096062] (LOG) node 0 receives AppendEntriesRPC from node 3
[892096062] (LOG) node 3 sending AppendEntriesRPC to node 1
[892096062] (LOG) node 1 receives AppendEntriesRPC from node 3
[892096062] (LOG) node 3 sending AppendEntriesRPC to node 2
[892096062] (LOG) node 2 receives AppendEntriesRPC from node 3
[892096062] (LOG) node 3 sending AppendEntriesRPC to node 4
[892096062] (LOG) node 4 receives AppendEntriesRPC from node 3
[892096062] (LOG) node 3 sending AppendEntriesRPC to node 0
[892096062] (LOG) node 0 receives AppendEntriesRPC from node 3
[892096062] (LOG) node 3 sending AppendEntriesRPC to node 1
[892096062] (LOG) node 1 receives AppendEntriesRPC from node 3
[892096062] (LOG) node 3 sending AppendEntriesRPC to node 2
[892096062] (LOG) node 2 receives AppendEntriesRPC from node 3
[892096062] (LOG) node 3 sending AppendEntriesRPC to node 4
[892096062] (LOG) node 4 receives AppendEntriesRPC from node 3
[892096062] (LOG) node 3 sending AppendEntriesRPC to node 0
[892096062] (LOG) node 0 receives AppendEntriesRPC from node 3
[892096063] (LOG) node 3 sending AppendEntriesRPC to node 1
[892096063] (LOG) node 1 receives AppendEntriesRPC from node 3
[892096063] (LOG) node 3 sending AppendEntriesRPC to node 2
[892096063] (LOG) node 2 receives AppendEntriesRPC from node 3
[892096063] (LOG) node 3 sending AppendEntriesRPC to node 4
[892096063] (LOG) node 4 receives AppendEntriesRPC from node 3
[892096063] (LOG) node 3 sending AppendEntriesRPC to node 0
[892096063] (LOG) node 0 receives AppendEntriesRPC from node 3
[892096063] (LOG) node 3 sending AppendEntriesRPC to node 1
[892096063] (LOG) node 1 receives AppendEntriesRPC from node 3
[892096063] (LOG) node 3 sending AppendEntriesRPC to node 2
[892096063] (LOG) node 2 receives AppendEntriesRPC from node 3
[892096063] (LOG) node 3 sending AppendEntriesRPC to node 4
[892096063] (LOG) node 4 receives AppendEntriesRPC from node 3
[892096063] (LOG) node 3 sending AppendEntriesRPC to node 0
[892096063] (LOG) node 0 receives AppendEntriesRPC from node 3
[892096063] (LOG) node 3 sending AppendEntriesRPC to node 1
[892096063] (LOG) node 1 receives AppendEntriesRPC from node 3
[892096063] (LOG) node 3 sending AppendEntriesRPC to node 2
[892096063] (LOG) node 2 receives AppendEntriesRPC from node 3
[892096063] (LOG) node 3 sending AppendEntriesRPC to node 4
[892096063] (LOG) node 4 receives AppendEntriesRPC from node 3
[892096063] (LOG) node 3 sending AppendEntriesRPC to node 0
[892096063] (LOG) node 0 receives AppendEntriesRPC from node 3
[892096063] (LOG) node 3 sending AppendEntriesRPC to node 1
[892096063] (LOG) node 1 receives AppendEntriesRPC from node 3
[892096063] (LOG) node 3 sending AppendEntriesRPC to node 2
[892096063] (LOG) node 2 receives AppendEntriesRPC from node 3
[892096063] (LOG) node 3 sending AppendEntriesRPC to node 4
[892096063] (LOG) node 4 receives AppendEntriesRPC from node 3
[892096064] (LOG) node 3 sending AppendEntriesRPC to node 0
[892096064] (LOG) node 0 receives AppendEntriesRPC from node 3
[892096064] (LOG) node 3 sending AppendEntriesRPC to node 1
[892096064] (LOG) node 1 receives AppendEntriesRPC from node 3
[892096064] (LOG) node 3 sending AppendEntriesRPC to node 2
[892096064] (LOG) node 2 receives AppendEntriesRPC from node 3
[892096064] (LOG) node 3 sending AppendEntriesRPC to node 4
[892096064] (LOG) node 4 receives AppendEntriesRPC from node 3
[892096064] (LOG) node 3 sending AppendEntriesRPC to node 0
[892096064] (LOG) node 0 receives AppendEntriesRPC from node 3
[892096064] (LOG) node 3 sending AppendEntriesRPC to node 1
[892096064] (LOG) node 1 receives AppendEntriesRPC from node 3
[892096064] (LOG) node 3 sending AppendEntriesRPC to node 2
[892096064] (LOG) node 2 receives AppendEntriesRPC from node 3
[892096064] (LOG) node 3 sending AppendEntriesRPC to node 4
[892096064] (LOG) node 4 receives AppendEntriesRPC from node 3
[892096064] (LOG) node 3 sending AppendEntriesRPC to node 0
[892096064] (LOG) node 0 receives AppendEntriesRPC from node 3
[892096064] (LOG) node 3 sending AppendEntriesRPC to node 1
[892096064] (LOG) node 1 receives AppendEntriesRPC from node 3
[892096064] (LOG) node 3 sending AppendEntriesRPC to node 2
[892096064] (LOG) node 2 receives AppendEntriesRPC from node 3
[892096064] (LOG) node 3 sending AppendEntriesRPC to node 4
[892096064] (LOG) node 4 receives AppendEntriesRPC from node 3
[892096064] (LOG) node 3 sending AppendEntriesRPC to node 0
[892096064] (LOG) node 0 receives AppendEntriesRPC from node 3
[892096064] (LOG) node 3 sending AppendEntriesRPC to node 1
[892096064] (LOG) node 1 receives AppendEntriesRPC from node 3
[892096064] (LOG) node 3 sending AppendEntriesRPC to node 2
[892096064] (LOG) node 2 receives AppendEntriesRPC from node 3
[892096064] (LOG) node 3 sending AppendEntriesRPC to node 4
[892096064] (LOG) node 4 receives AppendEntriesRPC from node 3
[892096065] (LOG) node 3 sending AppendEntriesRPC to node 0
[892096065] (LOG) node 0 receives AppendEntriesRPC from node 3
[892096065] (LOG) node 3 sending AppendEntriesRPC to node 1
[892096065] (LOG) node 1 receives AppendEntriesRPC from node 3
[892096065] (LOG) node 3 sending AppendEntriesRPC to node 2
[892096065] (LOG) node 2 receives AppendEntriesRPC from node 3
[892096065] (LOG) node 3 sending AppendEntriesRPC to node 4
[892096065] (LOG) node 4 receives AppendEntriesRPC from node 3
[892096065] (LOG) node 3 sending AppendEntriesRPC to node 0
[892096065] (LOG) node 0 receives AppendEntriesRPC from node 3
[892096065] (LOG) node 3 sending AppendEntriesRPC to node 1
[892096065] (LOG) node 1 receives AppendEntriesRPC from node 3
[892096065] (LOG) node 3 sending AppendEntriesRPC to node 2
[892096065] (LOG) node 2 receives AppendEntriesRPC from node 3
[892096065] (LOG) node 3 sending AppendEntriesRPC to node 4
[892096065] (LOG) node 4 receives AppendEntriesRPC from node 3
[892096065] (LOG) node 3 sending AppendEntriesRPC to node 0
[892096065] (LOG) node 0 receives AppendEntriesRPC from node 3
[892096065] (LOG) node 3 sending AppendEntriesRPC to node 1
[892096065] (LOG) node 1 receives AppendEntriesRPC from node 3
[892096065] (LOG) node 3 sending AppendEntriesRPC to node 2
[892096065] (LOG) node 2 receives AppendEntriesRPC from node 3
[892096066] (LOG) node 3 sending AppendEntriesRPC to node 4
[892096066] (LOG) node 4 receives AppendEntriesRPC from node 3
[892096066] (LOG) node 3 sending AppendEntriesRPC to node 0
[892096066] (LOG) node 0 receives AppendEntriesRPC from node 3
[892096066] (LOG) node 3 sending AppendEntriesRPC to node 1
[892096066] (LOG) node 1 receives AppendEntriesRPC from node 3
[892096066] (LOG) node 3 sending AppendEntriesRPC to node 2
[892096066] (LOG) node 2 receives AppendEntriesRPC from node 3
[892096066] (LOG) node 3 sending AppendEntriesRPC to node 4
[892096066] (LOG) node 4 receives AppendEntriesRPC from node 3
[892096066] (LOG) node 3 sending AppendEntriesRPC to node 0
[892096066] (LOG) node 0 receives AppendEntriesRPC from node 3
[892096066] (LOG) node 3 sending AppendEntriesRPC to node 1
[892096066] (LOG) node 1 receives AppendEntriesRPC from node 3
[892096066] (LOG) node 3 sending AppendEntriesRPC to node 2
[892096066] (LOG) node 2 receives AppendEntriesRPC from node 3
[892096066] (LOG) node 3 sending AppendEntriesRPC to node 4
[892096066] (LOG) node 4 receives AppendEntriesRPC from node 3
[892096066] (LOG) node 3 sending AppendEntriesRPC to node 0
[892096066] (LOG) node 0 receives AppendEntriesRPC from node 3
[892096066] (LOG) node 3 sending AppendEntriesRPC to node 1
[892096066] (LOG) node 1 receives AppendEntriesRPC from node 3
[892096066] (LOG) node 3 sending AppendEntriesRPC to node 2
[892096066] (LOG) node 2 receives AppendEntriesRPC from node 3
[892096066] (LOG) node 3 sending AppendEntriesRPC to node 4
[892096066] (LOG) node 4 receives AppendEntriesRPC from node 3
[892096066] (LOG) node 3 sending AppendEntriesRPC to node 0
[892096066] (LOG) node 0 receives AppendEntriesRPC from node 3
[892096066] (LOG) node 3 sending AppendEntriesRPC to node 1
[892096066] (LOG) node 1 receives AppendEntriesRPC from node 3
[892096066] (LOG) node 3 sending AppendEntriesRPC to node 2
[892096066] (LOG) node 2 receives AppendEntriesRPC from node 3
[892096066] (LOG) node 3 sending AppendEntriesRPC to node 4
[892096066] (LOG) node 4 receives AppendEntriesRPC from node 3
[892096067] (LOG) node 3 sending AppendEntriesRPC to node 0
[892096067] (LOG) node 0 receives AppendEntriesRPC from node 3
[892096067] (LOG) node 3 sending AppendEntriesRPC to node 1
[892096067] (LOG) node 1 receives AppendEntriesRPC from node 3
[892096067] (LOG) node 3 sending AppendEntriesRPC to node 2
[892096067] (LOG) node 2 receives AppendEntriesRPC from node 3
[892096067] (LOG) node 3 sending AppendEntriesRPC to node 4
[892096067] (LOG) node 4 receives AppendEntriesRPC from node 3
[892096067] (LOG) node 3 sending AppendEntriesRPC to node 0
[892096067] (LOG) node 0 receives AppendEntriesRPC from node 3
[892096067] (LOG) node 3 sending AppendEntriesRPC to node 1
[892096067] (LOG) node 1 receives AppendEntriesRPC from node 3
[892096067] (LOG) node 3 sending AppendEntriesRPC to node 2
[892096067] (LOG) node 2 receives AppendEntriesRPC from node 3
[892096067] (LOG) node 3 sending AppendEntriesRPC to node 4
[892096067] (LOG) node 4 receives AppendEntriesRPC from node 3
[...]
[----------] Global test environment tear-down
[==========] 1 test from 1 test suite ran. (3590 ms total)
[  PASSED  ] 1 test.
<end of output>
Test time =   3.74 sec
----------------------------------------------------------
Test Passed.
"ChaosTest.RecoversFromSinglePartititon" end time: May 24 01:12 EDT
"ChaosTest.RecoversFromSinglePartititon" time elapsed: 00:00:03
----------------------------------------------------------

14/14 Testing: ChaosTest.HandlesPartitionedLeader
14/14 Test: ChaosTest.HandlesPartitionedLeader
Command: "/Users/tylerarciniaga/Documents/dev/Raft_Consensus/build/raft_tests" "--gtest_filter=ChaosTest.HandlesPartitionedLeader" "--gtest_also_run_disabled_tests"
Directory: /Users/tylerarciniaga/Documents/dev/Raft_Consensus/build
"ChaosTest.HandlesPartitionedLeader" start time: May 24 01:12 EDT
Output:
----------------------------------------------------------
Running main() from /Users/tylerarciniaga/Documents/dev/Raft_Consensus/build/_deps/googletest-src/googletest/src/gtest_main.cc
Note: Google Test filter = ChaosTest.HandlesPartitionedLeader
[==========] Running 1 test from 1 test suite.
[----------] Global test environment set-up.
[----------] 1 test from ChaosTest
[ RUN      ] ChaosTest.HandlesPartitionedLeader
[892106196] --> Switching node 2 from Follower to Candidate
[892106196] (SHUTDOWN) HandleFollowerState exiting for node 2
[892106196] --> node 2 starting an election (term = 1)...
[892106197] (VOTE) node 0 sends yes vote to node 2
[892106197] (VOTE) node 2 received yes vote from node 0
[892106197] (VOTE) node 1 sends yes vote to node 2
[892106197] (VOTE) node 2 received yes vote from node 1
[892106197] (VOTE) node 3 sends yes vote to node 2
[892106197] (VOTE) node 2 received yes vote from node 3
[892106197] (VOTE) node 4 sends yes vote to node 2
[892106197] (VOTE) node 2 received yes vote from node 4
[892106197] --> Switching node 2 from Candidate to Leader
[892106198] (HEARTBEAT) node 2 sending heartbeat to node 0
[892106198] (HEARTBEAT) node 0 receives heartbeat from node 2
[892106198] (HEARTBEAT) node 2 sending heartbeat to node 1
[892106198] (HEARTBEAT) node 1 receives heartbeat from node 2
[892106198] (HEARTBEAT) node 2 sending heartbeat to node 3
[892106198] (HEARTBEAT) node 3 receives heartbeat from node 2
[892106198] (HEARTBEAT) node 2 sending heartbeat to node 4
[892106198] (HEARTBEAT) node 4 receives heartbeat from node 2
[892106202] (NETWORK) node 2 is now partitioned from the main set
[892106299] (HEARTBEAT) node 2 sending heartbeat to node 3
[892106300] (HEARTBEAT) node 2 sending heartbeat to node 4
[892106300] (HEARTBEAT) node 2 sending heartbeat to node 1
[892106302] (HEARTBEAT) node 2 sending heartbeat to node 0
[892106404] (HEARTBEAT) node 2 sending heartbeat to node 4
[892106404] (HEARTBEAT) node 2 sending heartbeat to node 3
[892106404] (HEARTBEAT) node 2 sending heartbeat to node 0
[892106405] (HEARTBEAT) node 2 sending heartbeat to node 1
[892106504] (HEARTBEAT) node 2 sending heartbeat to node 4
[892106507] (HEARTBEAT) node 2 sending heartbeat to node 0
[892106508] (HEARTBEAT) node 2 sending heartbeat to node 3
[892106508] (HEARTBEAT) node 2 sending heartbeat to node 1
[892106540] --> Switching node 3 from Follower to Candidate
[892106540] (SHUTDOWN) HandleFollowerState exiting for node 3
[892106540] --> node 3 starting an election (term = 2)...
[892106541] (VOTE) node 0 sends yes vote to node 3
[892106541] --> Switching node 4 from Follower to Candidate
[892106541] (VOTE) node 1 sends yes vote to node 3
[892106541] (VOTE) node 3 received yes vote from node 0
[892106541] (SHUTDOWN) HandleFollowerState exiting for node 4
[892106541] (VOTE) node 3 received yes vote from node 1
[892106541] --> node 4 starting an election (term = 2)...
[892106542] --> Switching node 3 from Candidate to Leader
[892106542] (HEARTBEAT) node 3 sending heartbeat to node 0
[892106542] (HEARTBEAT) node 0 receives heartbeat from node 3
[892106542] (HEARTBEAT) node 3 sending heartbeat to node 1
[892106542] (HEARTBEAT) node 3 sending heartbeat to node 2
[892106542] (HEARTBEAT) node 1 receives heartbeat from node 3
[892106542] (HEARTBEAT) node 3 sending heartbeat to node 4
[892106542] --> Switching node 4 from Candidate to Follower
[892106543] (HEARTBEAT) node 4 receives heartbeat from node 3
[892106584] (LOG) node 2 sending AppendEntriesRPC to node 0
[892106585] (LOG) node 2 sending AppendEntriesRPC to node 1
[892106585] (LOG) node 2 sending AppendEntriesRPC to node 3
[892106585] (LOG) node 2 sending AppendEntriesRPC to node 4
[892106609] (HEARTBEAT) node 2 sending heartbeat to node 0
[892106609] (HEARTBEAT) node 2 sending heartbeat to node 3
[892106609] (HEARTBEAT) node 2 sending heartbeat to node 4
[892106613] (HEARTBEAT) node 2 sending heartbeat to node 1
[892106643] (HEARTBEAT) node 3 sending heartbeat to node 2
[892106645] (HEARTBEAT) node 3 sending heartbeat to node 4
[892106645] (HEARTBEAT) node 4 receives heartbeat from node 3
[892106647] (HEARTBEAT) node 3 sending heartbeat to node 0
[892106647] (HEARTBEAT) node 3 sending heartbeat to node 1
[892106647] (HEARTBEAT) node 0 receives heartbeat from node 3
[892106647] (HEARTBEAT) node 1 receives heartbeat from node 3
[892106690] (LOG) node 2 sending AppendEntriesRPC to node 0
[892106690] (LOG) node 2 sending AppendEntriesRPC to node 3
[892106690] (LOG) node 2 sending AppendEntriesRPC to node 1
[892106690] (LOG) node 2 sending AppendEntriesRPC to node 4
[892106714] (HEARTBEAT) node 2 sending heartbeat to node 0
[892106714] (HEARTBEAT) node 2 sending heartbeat to node 1
[892106714] (HEARTBEAT) node 2 sending heartbeat to node 3
[892106714] (HEARTBEAT) node 2 sending heartbeat to node 4
[892106748] (HEARTBEAT) node 3 sending heartbeat to node 2
[892106748] (HEARTBEAT) node 3 sending heartbeat to node 1
[892106748] (HEARTBEAT) node 1 receives heartbeat from node 3
[892106750] (HEARTBEAT) node 3 sending heartbeat to node 4
[892106750] (HEARTBEAT) node 4 receives heartbeat from node 3
[892106752] (HEARTBEAT) node 3 sending heartbeat to node 0
[892106752] (HEARTBEAT) node 0 receives heartbeat from node 3
[892106792] (LOG) node 2 sending AppendEntriesRPC to node 4
[892106792] (LOG) node 2 sending AppendEntriesRPC to node 3
[892106792] (LOG) node 2 sending AppendEntriesRPC to node 1
[892106792] (LOG) node 2 sending AppendEntriesRPC to node 0
[892106819] (HEARTBEAT) node 2 sending heartbeat to node 1
[892106819] (HEARTBEAT) node 2 sending heartbeat to node 4
[892106819] (HEARTBEAT) node 2 sending heartbeat to node 0
[892106819] (HEARTBEAT) node 2 sending heartbeat to node 3
[892106853] (HEARTBEAT) node 3 sending heartbeat to node 1
[892106853] (HEARTBEAT) node 1 receives heartbeat from node 3
[892106853] (HEARTBEAT) node 3 sending heartbeat to node 2
[892106853] (HEARTBEAT) node 3 sending heartbeat to node 4
[892106853] (HEARTBEAT) node 4 receives heartbeat from node 3
[892106857] (HEARTBEAT) node 3 sending heartbeat to node 0
[892106857] (HEARTBEAT) node 0 receives heartbeat from node 3
[892106893] (LOG) node 2 sending AppendEntriesRPC to node 1
[892106893] (LOG) node 2 sending AppendEntriesRPC to node 0
[892106897] (LOG) node 2 sending AppendEntriesRPC to node 3
[892106897] (LOG) node 2 sending AppendEntriesRPC to node 4
[892106924] (HEARTBEAT) node 2 sending heartbeat to node 1
[892106924] (HEARTBEAT) node 2 sending heartbeat to node 0
[892106924] (HEARTBEAT) node 2 sending heartbeat to node 3
[892106924] (HEARTBEAT) node 2 sending heartbeat to node 4
[892106958] (HEARTBEAT) node 3 sending heartbeat to node 0
[892106958] (HEARTBEAT) node 3 sending heartbeat to node 1
[892106958] (HEARTBEAT) node 3 sending heartbeat to node 4
[892106958] (HEARTBEAT) node 3 sending heartbeat to node 2
[892106958] (HEARTBEAT) node 0 receives heartbeat from node 3
[892106958] (HEARTBEAT) node 1 receives heartbeat from node 3
[892106958] (HEARTBEAT) node 4 receives heartbeat from node 3
[892106995] (LOG) node 2 sending AppendEntriesRPC to node 1
[892106999] (LOG) node 2 sending AppendEntriesRPC to node 0
[892106999] (LOG) node 2 sending AppendEntriesRPC to node 4
[892107002] (LOG) node 2 sending AppendEntriesRPC to node 3
[892107029] (HEARTBEAT) node 2 sending heartbeat to node 1
[892107029] (HEARTBEAT) node 2 sending heartbeat to node 0
[892107029] (HEARTBEAT) node 2 sending heartbeat to node 4
[892107029] (HEARTBEAT) node 2 sending heartbeat to node 3
[892107063] (HEARTBEAT) node 3 sending heartbeat to node 2
[892107063] (HEARTBEAT) node 3 sending heartbeat to node 4
[892107063] (HEARTBEAT) node 3 sending heartbeat to node 0
[892107063] (HEARTBEAT) node 3 sending heartbeat to node 1
[892107063] (HEARTBEAT) node 1 receives heartbeat from node 3
[892107063] (HEARTBEAT) node 0 receives heartbeat from node 3
[892107063] (HEARTBEAT) node 4 receives heartbeat from node 3
[892107100] (LOG) node 2 sending AppendEntriesRPC to node 1
[892107100] (LOG) node 2 sending AppendEntriesRPC to node 4
[892107104] (LOG) node 2 sending AppendEntriesRPC to node 0
[892107107] (LOG) node 2 sending AppendEntriesRPC to node 3
[892107134] (HEARTBEAT) node 2 sending heartbeat to node 4
[892107134] (HEARTBEAT) node 2 sending heartbeat to node 1
[892107134] (HEARTBEAT) node 2 sending heartbeat to node 0
[892107134] (HEARTBEAT) node 2 sending heartbeat to node 3
[892107168] (HEARTBEAT) node 3 sending heartbeat to node 4
[892107168] (HEARTBEAT) node 3 sending heartbeat to node 2
[892107168] (HEARTBEAT) node 4 receives heartbeat from node 3
[892107168] (HEARTBEAT) node 3 sending heartbeat to node 0
[892107168] (HEARTBEAT) node 3 sending heartbeat to node 1
[892107168] (HEARTBEAT) node 0 receives heartbeat from node 3
[892107168] (HEARTBEAT) node 1 receives heartbeat from node 3
[892107205] (LOG) node 2 sending AppendEntriesRPC to node 1
[892107205] (LOG) node 2 sending AppendEntriesRPC to node 4
[892107209] (LOG) node 2 sending AppendEntriesRPC to node 0
[892107212] (LOG) node 2 sending AppendEntriesRPC to node 3
[892107236] (HEARTBEAT) node 2 sending heartbeat to node 3
[892107236] (HEARTBEAT) node 2 sending heartbeat to node 1
[892107237] (HEARTBEAT) node 2 sending heartbeat to node 4
[892107239] (HEARTBEAT) node 2 sending heartbeat to node 0
[892107269] (HEARTBEAT) node 3 sending heartbeat to node 4
[892107269] (HEARTBEAT) node 3 sending heartbeat to node 1
[892107269] (HEARTBEAT) node 4 receives heartbeat from node 3
[892107269] (HEARTBEAT) node 1 receives heartbeat from node 3
[892107273] (HEARTBEAT) node 3 sending heartbeat to node 2
[892107274] (HEARTBEAT) node 3 sending heartbeat to node 0
[892107274] (HEARTBEAT) node 0 receives heartbeat from node 3
[892107309] (LOG) node 2 sending AppendEntriesRPC to node 4
[892107309] (LOG) node 2 sending AppendEntriesRPC to node 1
[892107312] (LOG) node 2 sending AppendEntriesRPC to node 0
[892107317] (LOG) node 2 sending AppendEntriesRPC to node 3
[892107341] (HEARTBEAT) node 2 sending heartbeat to node 1
[892107341] (HEARTBEAT) node 2 sending heartbeat to node 4
[892107341] (HEARTBEAT) node 2 sending heartbeat to node 3
[892107341] (HEARTBEAT) node 2 sending heartbeat to node 0
[892107374] (HEARTBEAT) node 3 sending heartbeat to node 4
[892107374] (HEARTBEAT) node 4 receives heartbeat from node 3
[892107374] (HEARTBEAT) node 3 sending heartbeat to node 1
[892107374] (HEARTBEAT) node 3 sending heartbeat to node 0
[892107374] (HEARTBEAT) node 1 receives heartbeat from node 3
[892107375] (HEARTBEAT) node 0 receives heartbeat from node 3
[892107378] (HEARTBEAT) node 3 sending heartbeat to node 2
[892107411] (LOG) node 2 sending AppendEntriesRPC to node 4
[892107414] (LOG) node 2 sending AppendEntriesRPC to node 1
[892107417] (LOG) node 2 sending AppendEntriesRPC to node 0
[892107422] (LOG) node 2 sending AppendEntriesRPC to node 3
[892107446] (HEARTBEAT) node 2 sending heartbeat to node 3
[892107446] (HEARTBEAT) node 2 sending heartbeat to node 1
[892107446] (HEARTBEAT) node 2 sending heartbeat to node 0
[892107446] (HEARTBEAT) node 2 sending heartbeat to node 4
[892107475] (HEARTBEAT) node 3 sending heartbeat to node 4
[892107475] (HEARTBEAT) node 3 sending heartbeat to node 1
[892107475] (HEARTBEAT) node 4 receives heartbeat from node 3
[892107475] (HEARTBEAT) node 1 receives heartbeat from node 3
[892107480] (HEARTBEAT) node 3 sending heartbeat to node 0
[892107480] (HEARTBEAT) node 3 sending heartbeat to node 2
[892107480] (HEARTBEAT) node 0 receives heartbeat from node 3
[892107516] (LOG) node 2 sending AppendEntriesRPC to node 4
[892107516] (LOG) node 2 sending AppendEntriesRPC to node 1
[892107522] (LOG) node 2 sending AppendEntriesRPC to node 0
[892107525] (LOG) node 2 sending AppendEntriesRPC to node 3
[892107549] (HEARTBEAT) node 2 sending heartbeat to node 1
[892107550] (HEARTBEAT) node 2 sending heartbeat to node 4
[892107550] (HEARTBEAT) node 2 sending heartbeat to node 0
[892107551] (HEARTBEAT) node 2 sending heartbeat to node 3
[892107576] (HEARTBEAT) node 3 sending heartbeat to node 4
[892107576] (HEARTBEAT) node 4 receives heartbeat from node 3
[892107580] (HEARTBEAT) node 3 sending heartbeat to node 1
[892107580] (HEARTBEAT) node 1 receives heartbeat from node 3
[892107584] (HEARTBEAT) node 3 sending heartbeat to node 0
[892107584] (HEARTBEAT) node 0 receives heartbeat from node 3
[892107585] (HEARTBEAT) node 3 sending heartbeat to node 2
[892107621] (LOG) node 2 sending AppendEntriesRPC to node 1
[892107621] (LOG) node 2 sending AppendEntriesRPC to node 4
[892107625] (LOG) node 2 sending AppendEntriesRPC to node 3
[892107627] (LOG) node 2 sending AppendEntriesRPC to node 0
[892107649] (HEARTBEAT) node 2 sending heartbeat to node 1
[892107653] (HEARTBEAT) node 2 sending heartbeat to node 3
[892107654] (HEARTBEAT) node 2 sending heartbeat to node 4
[892107655] (HEARTBEAT) node 2 sending heartbeat to node 0
[892107681] (HEARTBEAT) node 3 sending heartbeat to node 4
[892107681] (HEARTBEAT) node 4 receives heartbeat from node 3
[892107685] (HEARTBEAT) node 3 sending heartbeat to node 0
[892107685] (HEARTBEAT) node 3 sending heartbeat to node 1
[892107685] (HEARTBEAT) node 0 receives heartbeat from node 3
[892107685] (HEARTBEAT) node 1 receives heartbeat from node 3
[892107688] (HEARTBEAT) node 3 sending heartbeat to node 2
[892107722] (LOG) node 2 sending AppendEntriesRPC to node 1
[892107725] (LOG) node 2 sending AppendEntriesRPC to node 4
[892107727] (LOG) node 2 sending AppendEntriesRPC to node 3
[892107732] (LOG) node 2 sending AppendEntriesRPC to node 0
[892107752] (HEARTBEAT) node 2 sending heartbeat to node 1
[892107756] (HEARTBEAT) node 2 sending heartbeat to node 0
[892107758] (HEARTBEAT) node 2 sending heartbeat to node 3
[892107759] (HEARTBEAT) node 2 sending heartbeat to node 4
[892107785] (HEARTBEAT) node 3 sending heartbeat to node 4
[892107785] (HEARTBEAT) node 4 receives heartbeat from node 3
[892107789] (HEARTBEAT) node 3 sending heartbeat to node 1
[892107789] (HEARTBEAT) node 1 receives heartbeat from node 3
[892107790] (HEARTBEAT) node 3 sending heartbeat to node 0
[892107790] (HEARTBEAT) node 0 receives heartbeat from node 3
[892107792] (HEARTBEAT) node 3 sending heartbeat to node 2
[892107825] (LOG) node 2 sending AppendEntriesRPC to node 1
[892107829] (LOG) node 2 sending AppendEntriesRPC to node 4
[892107832] (LOG) node 2 sending AppendEntriesRPC to node 3
[892107837] (LOG) node 2 sending AppendEntriesRPC to node 0
[892107857] (HEARTBEAT) node 2 sending heartbeat to node 1
[892107858] (HEARTBEAT) node 2 sending heartbeat to node 0
[892107858] (HEARTBEAT) node 2 sending heartbeat to node 3
[892107862] (HEARTBEAT) node 2 sending heartbeat to node 4
[892107888] (HEARTBEAT) node 3 sending heartbeat to node 4
[892107888] (HEARTBEAT) node 4 receives heartbeat from node 3
[892107893] (HEARTBEAT) node 3 sending heartbeat to node 1
[892107893] (HEARTBEAT) node 1 receives heartbeat from node 3
[892107894] (HEARTBEAT) node 3 sending heartbeat to node 0
[892107894] (HEARTBEAT) node 3 sending heartbeat to node 2
[892107894] (HEARTBEAT) node 0 receives heartbeat from node 3
[892107928] (LOG) node 2 sending AppendEntriesRPC to node 1
[892107934] (LOG) node 2 sending AppendEntriesRPC to node 3
[892107934] (LOG) node 2 sending AppendEntriesRPC to node 4
[892107942] (LOG) node 2 sending AppendEntriesRPC to node 0
[892107960] (HEARTBEAT) node 2 sending heartbeat to node 1
[892107960] (HEARTBEAT) node 2 sending heartbeat to node 0
[892107963] (HEARTBEAT) node 2 sending heartbeat to node 3
[892107966] (HEARTBEAT) node 2 sending heartbeat to node 4
[892107992] (HEARTBEAT) node 3 sending heartbeat to node 4
[892107992] (HEARTBEAT) node 4 receives heartbeat from node 3
[892107997] (HEARTBEAT) node 3 sending heartbeat to node 2
[892107998] (HEARTBEAT) node 3 sending heartbeat to node 1
[892107998] (HEARTBEAT) node 1 receives heartbeat from node 3
[892107999] (HEARTBEAT) node 3 sending heartbeat to node 0
[892107999] (HEARTBEAT) node 0 receives heartbeat from node 3
[892108033] (LOG) node 2 sending AppendEntriesRPC to node 1
[892108039] (LOG) node 2 sending AppendEntriesRPC to node 3
[892108039] (LOG) node 2 sending AppendEntriesRPC to node 4
[892108047] (LOG) node 2 sending AppendEntriesRPC to node 0
[892108065] (HEARTBEAT) node 2 sending heartbeat to node 1
[892108066] (HEARTBEAT) node 2 sending heartbeat to node 0
[892108066] (HEARTBEAT) node 2 sending heartbeat to node 3
[892108069] (HEARTBEAT) node 2 sending heartbeat to node 4
[892108090] (NETWORK) node 2 is no longer partitioned from the main set
[892108097] (HEARTBEAT) node 3 sending heartbeat to node 4
[892108097] (HEARTBEAT) node 3 sending heartbeat to node 2
[892108097] (HEARTBEAT) node 4 receives heartbeat from node 3
[892108097] --> Switching node 2 from Leader to Follower
[892108097] (HEARTBEAT) node 2 receives heartbeat from node 3
[892108101] (HEARTBEAT) node 3 sending heartbeat to node 1
[892108101] (HEARTBEAT) node 3 sending heartbeat to node 0
[892108101] (HEARTBEAT) node 0 receives heartbeat from node 3
[892108101] (HEARTBEAT) node 1 receives heartbeat from node 3
[892108146] (SHUTDOWN) shutting down node 0...
[892108146] (SHUTDOWN) shutting down node 1...
[892108146] (SHUTDOWN) HandleFollowerState exiting for node 0
[892108146] (SHUTDOWN) shutting down node 2...
[892108146] (SHUTDOWN) ApplyToStateMachine exiting for node 0
[892108146] (SHUTDOWN) shutting down node 3...
[892108146] (SHUTDOWN) shutting down node 4...
[892108146] (SHUTDOWN) CleanUpReplicationThreads exiting for node 0
[892108146] (SHUTDOWN) ApplyToStateMachine exiting for node 2
[892108146] (SHUTDOWN) CleanUpReplicationThreads exiting for node 1
[892108147] (SHUTDOWN) ApplyToStateMachine exiting for node 3
[892108147] (SHUTDOWN) CleanUpReplicationThreads exiting for node 3
[892108147] (SHUTDOWN) HandleFollowerState exiting for node 1
[892108147] (SHUTDOWN) HandleFollowerState exiting for node 4
[892108147] (SHUTDOWN) ApplyToStateMachine exiting for node 1
[892108147] (SHUTDOWN) ApplyToStateMachine exiting for node 4
[892108147] (SHUTDOWN) CleanUpReplicationThreads exiting for node 2
[892108147] (SHUTDOWN) CleanUpReplicationThreads exiting for node 4
[892108147] (SHUTDOWN) StartNode shutting down for node 1
[892108147] (SHUTDOWN) HandleLeaderState exiting for node 2
[892108147] (SHUTDOWN) StartNode shutting down for node 4
[892108147] (SHUTDOWN) StartNode shutting down for node 0
[892108147] (SHUTDOWN) StartNode shutting down for node 2
[892108147] (SHUTDOWN) HandleLeaderState exiting for node 3
[892108147] (SHUTDOWN) StartNode shutting down for node 3
[       OK ] ChaosTest.HandlesPartitionedLeader (2274 ms)
[----------] 1 test from ChaosTest (2274 ms total)

[----------] Global test environment tear-down
[==========] 1 test from 1 test suite ran. (2274 ms total)
[  PASSED  ] 1 test.
<end of output>
Test time =   2.49 sec
----------------------------------------------------------
Test Passed.
"ChaosTest.HandlesPartitionedLeader" end time: May 24 01:12 EDT
"ChaosTest.HandlesPartitionedLeader" time elapsed: 00:00:02
----------------------------------------------------------

End testing: May 24 01:12 EDT
